<?xml version="1.0" encoding="UTF-8"?>
<testng-results skipped="0" failed="5" total="40" passed="35">
  <reporter-output>
  </reporter-output>
  <suite name="Suite" duration-ms="21007592" started-at="2018-10-24T01:30:52Z" finished-at="2018-10-24T07:20:59Z">
    <groups>
    </groups>
    <test name="Test" duration-ms="21007592" started-at="2018-10-24T01:30:52Z" finished-at="2018-10-24T07:20:59Z">
      <class name="test_report.Basic_Search_Invalid">
        <test-method status="PASS" signature="Basic_Search_Filter_byInvDelOption()" name="Basic_Search_Filter_byInvDelOption" duration-ms="109152" started-at="2018-10-24T07:03:46Z" finished-at="2018-10-24T07:05:35Z">
        </test-method>
        <test-method status="PASS" signature="Basic_Search_Filter_byInvDescription()" name="Basic_Search_Filter_byInvDescription" duration-ms="101379" started-at="2018-10-24T07:05:35Z" finished-at="2018-10-24T07:07:16Z">
        </test-method>
        <test-method status="PASS" signature="Basic_Search_Filter_byInvPF()" name="Basic_Search_Filter_byInvPF" duration-ms="88453" started-at="2018-10-24T07:07:16Z" finished-at="2018-10-24T07:08:45Z">
        </test-method>
        <test-method status="PASS" signature="Basic_Search_Filter_byInvProductSubType()" name="Basic_Search_Filter_byInvProductSubType" duration-ms="91529" started-at="2018-10-24T07:08:45Z" finished-at="2018-10-24T07:10:16Z">
        </test-method>
        <test-method status="PASS" signature="Basic_Search_Filter_byInv_ItemName()" name="Basic_Search_Filter_byInv_ItemName" duration-ms="90034" started-at="2018-10-24T07:10:16Z" finished-at="2018-10-24T07:11:46Z">
        </test-method>
        <test-method status="PASS" signature="Basic_Search_Filter_byInv_ProductType()" name="Basic_Search_Filter_byInv_ProductType" duration-ms="112272" started-at="2018-10-24T07:11:46Z" finished-at="2018-10-24T07:13:39Z">
        </test-method>
        <test-method status="PASS" signature="Search_by_Invalid_CommerceOffer()" name="Search_by_Invalid_CommerceOffer" duration-ms="69575" started-at="2018-10-24T07:13:39Z" finished-at="2018-10-24T07:14:48Z">
        </test-method>
        <test-method status="PASS" signature="Search_by_Invalid_OfferType()" name="Search_by_Invalid_OfferType" duration-ms="78403" started-at="2018-10-24T07:14:48Z" finished-at="2018-10-24T07:16:07Z">
        </test-method>
        <test-method status="PASS" signature="Search_by_Invalid_PF()" name="Search_by_Invalid_PF" duration-ms="76155" started-at="2018-10-24T07:16:07Z" finished-at="2018-10-24T07:17:23Z">
        </test-method>
        <test-method status="PASS" signature="Search_by_blank_Coffer()" name="Search_by_blank_Coffer" duration-ms="65573" started-at="2018-10-24T07:17:23Z" finished-at="2018-10-24T07:18:28Z">
        </test-method>
        <test-method status="PASS" signature="Search_by_blank_Offertype()" name="Search_by_blank_Offertype" duration-ms="72325" started-at="2018-10-24T07:18:28Z" finished-at="2018-10-24T07:19:41Z">
        </test-method>
        <test-method status="PASS" signature="Search_by_blank_PF()" name="Search_by_blank_PF" duration-ms="78735" started-at="2018-10-24T07:19:41Z" finished-at="2018-10-24T07:20:59Z">
        </test-method>
      </class>
      <class name="test_report.Basic_Search_Autosearch_And_Pagination">
        <test-method status="PASS" signature="AutoSearch_byCommerceOffer()" name="AutoSearch_byCommerceOffer" duration-ms="82207" started-at="2018-10-24T06:53:22Z" finished-at="2018-10-24T06:54:45Z">
        </test-method>
        <test-method status="PASS" signature="AutoSearch_byOfferType()" name="AutoSearch_byOfferType" duration-ms="82704" started-at="2018-10-24T06:54:45Z" finished-at="2018-10-24T06:56:07Z">
        </test-method>
        <test-method status="PASS" signature="AutoSearch_byPF()" name="AutoSearch_byPF" duration-ms="82677" started-at="2018-10-24T06:56:07Z" finished-at="2018-10-24T06:57:30Z">
        </test-method>
        <test-method status="PASS" signature="Pagination_by_Admin_10()" name="Pagination_by_Admin_10" duration-ms="70943" started-at="2018-10-24T06:57:30Z" finished-at="2018-10-24T06:58:41Z">
        </test-method>
        <test-method status="PASS" signature="Pagination_by_Admin_50()" name="Pagination_by_Admin_50" duration-ms="90113" started-at="2018-10-24T06:58:41Z" finished-at="2018-10-24T07:00:11Z">
        </test-method>
        <test-method status="PASS" signature="verify_By_default_selected_Items()" name="verify_By_default_selected_Items" duration-ms="115376" started-at="2018-10-24T07:00:11Z" finished-at="2018-10-24T07:02:06Z">
        </test-method>
        <test-method status="PASS" signature="verify_show_hide_Parameters()" name="verify_show_hide_Parameters" duration-ms="99302" started-at="2018-10-24T07:02:06Z" finished-at="2018-10-24T07:03:46Z">
        </test-method>
      </class>
      <class name="test_report.BasicSearch_Veirfy_Search_Major_MinorRecords_WithDB">
        <test-method status="PASS" signature="Filter_Value_Should_be_Clear()" name="Filter_Value_Should_be_Clear" duration-ms="171937" started-at="2018-10-24T06:37:16Z" finished-at="2018-10-24T06:40:08Z">
        </test-method>
        <test-method status="FAIL" signature="OfferType_Count()" name="OfferType_Count" duration-ms="95567" started-at="2018-10-24T06:40:08Z" finished-at="2018-10-24T06:41:43Z">
          <exception class="org.openqa.selenium.NoSuchElementException">
            <message>
              <![CDATA[Unable to locate element: /html/body/app-root/app-main/div/main/div[2]/div[2]/app-search-result/app-ato-list/div/div[2]/table/tbody
For documentation on this error, please visit: http://seleniumhq.org/exceptions/no_such_element.html
Build info: version: '3.14.0', revision: 'aacccce0', time: '2018-08-02T20:13:22.693Z'
System info: host: 'SHIWASIN-T5X72', ip: '10.65.55.4', os.name: 'Windows 10', os.arch: 'amd64', os.version: '10.0', java.version: '1.8.0_181'
Driver info: org.openqa.selenium.firefox.FirefoxDriver
Capabilities {acceptInsecureCerts: true, browserName: firefox, browserVersion: 59.0.2, javascriptEnabled: true, moz:accessibilityChecks: false, moz:headless: false, moz:processID: 27836, moz:profile: C:\Users\shiwasin.PARTNERS\..., moz:useNonSpecCompliantPointerOrigin: false, moz:webdriverClick: true, pageLoadStrategy: normal, platform: XP, platformName: XP, platformVersion: 10.0, rotatable: false, timeouts: {implicit: 0, pageLoad: 300000, script: 30000}}
Session ID: 680133e4-ab99-4eed-b657-1aaac0a6208c
*** Element info: {Using=xpath, value=/html/body/app-root/app-main/div/main/div[2]/div[2]/app-search-result/app-ato-list/div/div[2]/table/tbody}]]>
            </message>
            <full-stacktrace>
              <![CDATA[org.openqa.selenium.NoSuchElementException: Unable to locate element: /html/body/app-root/app-main/div/main/div[2]/div[2]/app-search-result/app-ato-list/div/div[2]/table/tbody
For documentation on this error, please visit: http://seleniumhq.org/exceptions/no_such_element.html
Build info: version: '3.14.0', revision: 'aacccce0', time: '2018-08-02T20:13:22.693Z'
System info: host: 'SHIWASIN-T5X72', ip: '10.65.55.4', os.name: 'Windows 10', os.arch: 'amd64', os.version: '10.0', java.version: '1.8.0_181'
Driver info: org.openqa.selenium.firefox.FirefoxDriver
Capabilities {acceptInsecureCerts: true, browserName: firefox, browserVersion: 59.0.2, javascriptEnabled: true, moz:accessibilityChecks: false, moz:headless: false, moz:processID: 27836, moz:profile: C:\Users\shiwasin.PARTNERS\..., moz:useNonSpecCompliantPointerOrigin: false, moz:webdriverClick: true, pageLoadStrategy: normal, platform: XP, platformName: XP, platformVersion: 10.0, rotatable: false, timeouts: {implicit: 0, pageLoad: 300000, script: 30000}}
Session ID: 680133e4-ab99-4eed-b657-1aaac0a6208c
*** Element info: {Using=xpath, value=/html/body/app-root/app-main/div/main/div[2]/div[2]/app-search-result/app-ato-list/div/div[2]/table/tbody}
	at sun.reflect.NativeConstructorAccessorImpl.newInstance0(Native Method)
	at sun.reflect.NativeConstructorAccessorImpl.newInstance(Unknown Source)
	at sun.reflect.DelegatingConstructorAccessorImpl.newInstance(Unknown Source)
	at java.lang.reflect.Constructor.newInstance(Unknown Source)
	at org.openqa.selenium.remote.http.W3CHttpResponseCodec.createException(W3CHttpResponseCodec.java:187)
	at org.openqa.selenium.remote.http.W3CHttpResponseCodec.decode(W3CHttpResponseCodec.java:122)
	at org.openqa.selenium.remote.http.W3CHttpResponseCodec.decode(W3CHttpResponseCodec.java:49)
	at org.openqa.selenium.remote.HttpCommandExecutor.execute(HttpCommandExecutor.java:158)
	at org.openqa.selenium.remote.service.DriverCommandExecutor.execute(DriverCommandExecutor.java:83)
	at org.openqa.selenium.remote.RemoteWebDriver.execute(RemoteWebDriver.java:548)
	at org.openqa.selenium.remote.RemoteWebDriver.findElement(RemoteWebDriver.java:322)
	at org.openqa.selenium.remote.RemoteWebDriver.findElementByXPath(RemoteWebDriver.java:424)
	at org.openqa.selenium.By$ByXPath.findElement(By.java:353)
	at org.openqa.selenium.remote.RemoteWebDriver.findElement(RemoteWebDriver.java:314)
	at test_report.BasicSearch_Veirfy_Search_Major_MinorRecords_WithDB.OfferType_Count(Unknown Source)
	at sun.reflect.NativeMethodAccessorImpl.invoke0(Native Method)
	at sun.reflect.NativeMethodAccessorImpl.invoke(Unknown Source)
	at sun.reflect.DelegatingMethodAccessorImpl.invoke(Unknown Source)
	at java.lang.reflect.Method.invoke(Unknown Source)
	at org.testng.internal.MethodInvocationHelper.invokeMethod(MethodInvocationHelper.java:74)
	at org.testng.internal.Invoker.invokeMethod(Invoker.java:673)
	at org.testng.internal.Invoker.invokeTestMethod(Invoker.java:846)
	at org.testng.internal.Invoker.invokeTestMethods(Invoker.java:1170)
	at org.testng.internal.TestMethodWorker.invokeTestMethods(TestMethodWorker.java:125)
	at org.testng.internal.TestMethodWorker.run(TestMethodWorker.java:109)
	at org.testng.TestRunner.runWorkers(TestRunner.java:1147)
	at org.testng.TestRunner.privateRun(TestRunner.java:749)
	at org.testng.TestRunner.run(TestRunner.java:600)
	at org.testng.SuiteRunner.runTest(SuiteRunner.java:317)
	at org.testng.SuiteRunner.runSequentially(SuiteRunner.java:312)
	at org.testng.SuiteRunner.privateRun(SuiteRunner.java:274)
	at org.testng.SuiteRunner.run(SuiteRunner.java:223)
	at org.testng.SuiteRunnerWorker.runSuite(SuiteRunnerWorker.java:52)
	at org.testng.SuiteRunnerWorker.run(SuiteRunnerWorker.java:86)
	at org.testng.TestNG.runSuitesSequentially(TestNG.java:1039)
	at org.testng.TestNG.runSuitesLocally(TestNG.java:964)
	at org.testng.TestNG.run(TestNG.java:900)
	at org.testng.TestNG.privateMain(TestNG.java:1182)
	at org.testng.TestNG.main(TestNG.java:1146)
]]>
            </full-stacktrace>
          </exception>
        </test-method>
        <test-method status="PASS" signature="Search_byCommerceOffer()" name="Search_byCommerceOffer" duration-ms="122894" started-at="2018-10-24T06:41:43Z" finished-at="2018-10-24T06:43:46Z">
        </test-method>
        <test-method status="FAIL" signature="Search_byOfferType()" name="Search_byOfferType" duration-ms="110272" started-at="2018-10-24T06:43:46Z" finished-at="2018-10-24T06:45:37Z">
          <exception class="org.openqa.selenium.NoSuchElementException">
            <message>
              <![CDATA[Unable to locate element: /html/body/app-root/app-main/div/main/div[2]/div[2]/app-search-result/app-ato-list/div/div[2]/table/tbody/tr[1]/td[8]/div
For documentation on this error, please visit: http://seleniumhq.org/exceptions/no_such_element.html
Build info: version: '3.14.0', revision: 'aacccce0', time: '2018-08-02T20:13:22.693Z'
System info: host: 'SHIWASIN-T5X72', ip: '10.65.55.4', os.name: 'Windows 10', os.arch: 'amd64', os.version: '10.0', java.version: '1.8.0_181'
Driver info: org.openqa.selenium.firefox.FirefoxDriver
Capabilities {acceptInsecureCerts: true, browserName: firefox, browserVersion: 59.0.2, javascriptEnabled: true, moz:accessibilityChecks: false, moz:headless: false, moz:processID: 20520, moz:profile: C:\Users\shiwasin.PARTNERS\..., moz:useNonSpecCompliantPointerOrigin: false, moz:webdriverClick: true, pageLoadStrategy: normal, platform: XP, platformName: XP, platformVersion: 10.0, rotatable: false, timeouts: {implicit: 0, pageLoad: 300000, script: 30000}}
Session ID: abff4476-2bcc-4528-a8c0-4b939c639c12
*** Element info: {Using=xpath, value=/html/body/app-root/app-main/div/main/div[2]/div[2]/app-search-result/app-ato-list/div/div[2]/table/tbody/tr[1]/td[8]/div}]]>
            </message>
            <full-stacktrace>
              <![CDATA[org.openqa.selenium.NoSuchElementException: Unable to locate element: /html/body/app-root/app-main/div/main/div[2]/div[2]/app-search-result/app-ato-list/div/div[2]/table/tbody/tr[1]/td[8]/div
For documentation on this error, please visit: http://seleniumhq.org/exceptions/no_such_element.html
Build info: version: '3.14.0', revision: 'aacccce0', time: '2018-08-02T20:13:22.693Z'
System info: host: 'SHIWASIN-T5X72', ip: '10.65.55.4', os.name: 'Windows 10', os.arch: 'amd64', os.version: '10.0', java.version: '1.8.0_181'
Driver info: org.openqa.selenium.firefox.FirefoxDriver
Capabilities {acceptInsecureCerts: true, browserName: firefox, browserVersion: 59.0.2, javascriptEnabled: true, moz:accessibilityChecks: false, moz:headless: false, moz:processID: 20520, moz:profile: C:\Users\shiwasin.PARTNERS\..., moz:useNonSpecCompliantPointerOrigin: false, moz:webdriverClick: true, pageLoadStrategy: normal, platform: XP, platformName: XP, platformVersion: 10.0, rotatable: false, timeouts: {implicit: 0, pageLoad: 300000, script: 30000}}
Session ID: abff4476-2bcc-4528-a8c0-4b939c639c12
*** Element info: {Using=xpath, value=/html/body/app-root/app-main/div/main/div[2]/div[2]/app-search-result/app-ato-list/div/div[2]/table/tbody/tr[1]/td[8]/div}
	at sun.reflect.NativeConstructorAccessorImpl.newInstance0(Native Method)
	at sun.reflect.NativeConstructorAccessorImpl.newInstance(Unknown Source)
	at sun.reflect.DelegatingConstructorAccessorImpl.newInstance(Unknown Source)
	at java.lang.reflect.Constructor.newInstance(Unknown Source)
	at org.openqa.selenium.remote.http.W3CHttpResponseCodec.createException(W3CHttpResponseCodec.java:187)
	at org.openqa.selenium.remote.http.W3CHttpResponseCodec.decode(W3CHttpResponseCodec.java:122)
	at org.openqa.selenium.remote.http.W3CHttpResponseCodec.decode(W3CHttpResponseCodec.java:49)
	at org.openqa.selenium.remote.HttpCommandExecutor.execute(HttpCommandExecutor.java:158)
	at org.openqa.selenium.remote.service.DriverCommandExecutor.execute(DriverCommandExecutor.java:83)
	at org.openqa.selenium.remote.RemoteWebDriver.execute(RemoteWebDriver.java:548)
	at org.openqa.selenium.remote.RemoteWebDriver.findElement(RemoteWebDriver.java:322)
	at org.openqa.selenium.remote.RemoteWebDriver.findElementByXPath(RemoteWebDriver.java:424)
	at org.openqa.selenium.By$ByXPath.findElement(By.java:353)
	at org.openqa.selenium.remote.RemoteWebDriver.findElement(RemoteWebDriver.java:314)
	at test_report.BasicSearch_Veirfy_Search_Major_MinorRecords_WithDB.Search_byOfferType(Unknown Source)
	at sun.reflect.NativeMethodAccessorImpl.invoke0(Native Method)
	at sun.reflect.NativeMethodAccessorImpl.invoke(Unknown Source)
	at sun.reflect.DelegatingMethodAccessorImpl.invoke(Unknown Source)
	at java.lang.reflect.Method.invoke(Unknown Source)
	at org.testng.internal.MethodInvocationHelper.invokeMethod(MethodInvocationHelper.java:74)
	at org.testng.internal.Invoker.invokeMethod(Invoker.java:673)
	at org.testng.internal.Invoker.invokeTestMethod(Invoker.java:846)
	at org.testng.internal.Invoker.invokeTestMethods(Invoker.java:1170)
	at org.testng.internal.TestMethodWorker.invokeTestMethods(TestMethodWorker.java:125)
	at org.testng.internal.TestMethodWorker.run(TestMethodWorker.java:109)
	at org.testng.TestRunner.runWorkers(TestRunner.java:1147)
	at org.testng.TestRunner.privateRun(TestRunner.java:749)
	at org.testng.TestRunner.run(TestRunner.java:600)
	at org.testng.SuiteRunner.runTest(SuiteRunner.java:317)
	at org.testng.SuiteRunner.runSequentially(SuiteRunner.java:312)
	at org.testng.SuiteRunner.privateRun(SuiteRunner.java:274)
	at org.testng.SuiteRunner.run(SuiteRunner.java:223)
	at org.testng.SuiteRunnerWorker.runSuite(SuiteRunnerWorker.java:52)
	at org.testng.SuiteRunnerWorker.run(SuiteRunnerWorker.java:86)
	at org.testng.TestNG.runSuitesSequentially(TestNG.java:1039)
	at org.testng.TestNG.runSuitesLocally(TestNG.java:964)
	at org.testng.TestNG.run(TestNG.java:900)
	at org.testng.TestNG.privateMain(TestNG.java:1182)
	at org.testng.TestNG.main(TestNG.java:1146)
]]>
            </full-stacktrace>
          </exception>
        </test-method>
        <test-method status="PASS" signature="Search_byPF()" name="Search_byPF" duration-ms="131138" started-at="2018-10-24T06:45:37Z" finished-at="2018-10-24T06:47:48Z">
        </test-method>
        <test-method status="FAIL" signature="Search_byPF_Count()" name="Search_byPF_Count" duration-ms="89016" started-at="2018-10-24T06:47:48Z" finished-at="2018-10-24T06:49:17Z">
          <exception class="org.openqa.selenium.NoSuchElementException">
            <message>
              <![CDATA[Unable to locate element: /html/body/app-root/app-main/div/main/div[2]/div[2]/app-search-result/app-ato-list/div/div[2]/table/tbody
For documentation on this error, please visit: http://seleniumhq.org/exceptions/no_such_element.html
Build info: version: '3.14.0', revision: 'aacccce0', time: '2018-08-02T20:13:22.693Z'
System info: host: 'SHIWASIN-T5X72', ip: '10.65.55.4', os.name: 'Windows 10', os.arch: 'amd64', os.version: '10.0', java.version: '1.8.0_181'
Driver info: org.openqa.selenium.firefox.FirefoxDriver
Capabilities {acceptInsecureCerts: true, browserName: firefox, browserVersion: 59.0.2, javascriptEnabled: true, moz:accessibilityChecks: false, moz:headless: false, moz:processID: 31068, moz:profile: C:\Users\shiwasin.PARTNERS\..., moz:useNonSpecCompliantPointerOrigin: false, moz:webdriverClick: true, pageLoadStrategy: normal, platform: XP, platformName: XP, platformVersion: 10.0, rotatable: false, timeouts: {implicit: 0, pageLoad: 300000, script: 30000}}
Session ID: fea2d2b7-7d6a-4a02-a459-1bb43a970e98
*** Element info: {Using=xpath, value=/html/body/app-root/app-main/div/main/div[2]/div[2]/app-search-result/app-ato-list/div/div[2]/table/tbody}]]>
            </message>
            <full-stacktrace>
              <![CDATA[org.openqa.selenium.NoSuchElementException: Unable to locate element: /html/body/app-root/app-main/div/main/div[2]/div[2]/app-search-result/app-ato-list/div/div[2]/table/tbody
For documentation on this error, please visit: http://seleniumhq.org/exceptions/no_such_element.html
Build info: version: '3.14.0', revision: 'aacccce0', time: '2018-08-02T20:13:22.693Z'
System info: host: 'SHIWASIN-T5X72', ip: '10.65.55.4', os.name: 'Windows 10', os.arch: 'amd64', os.version: '10.0', java.version: '1.8.0_181'
Driver info: org.openqa.selenium.firefox.FirefoxDriver
Capabilities {acceptInsecureCerts: true, browserName: firefox, browserVersion: 59.0.2, javascriptEnabled: true, moz:accessibilityChecks: false, moz:headless: false, moz:processID: 31068, moz:profile: C:\Users\shiwasin.PARTNERS\..., moz:useNonSpecCompliantPointerOrigin: false, moz:webdriverClick: true, pageLoadStrategy: normal, platform: XP, platformName: XP, platformVersion: 10.0, rotatable: false, timeouts: {implicit: 0, pageLoad: 300000, script: 30000}}
Session ID: fea2d2b7-7d6a-4a02-a459-1bb43a970e98
*** Element info: {Using=xpath, value=/html/body/app-root/app-main/div/main/div[2]/div[2]/app-search-result/app-ato-list/div/div[2]/table/tbody}
	at sun.reflect.NativeConstructorAccessorImpl.newInstance0(Native Method)
	at sun.reflect.NativeConstructorAccessorImpl.newInstance(Unknown Source)
	at sun.reflect.DelegatingConstructorAccessorImpl.newInstance(Unknown Source)
	at java.lang.reflect.Constructor.newInstance(Unknown Source)
	at org.openqa.selenium.remote.http.W3CHttpResponseCodec.createException(W3CHttpResponseCodec.java:187)
	at org.openqa.selenium.remote.http.W3CHttpResponseCodec.decode(W3CHttpResponseCodec.java:122)
	at org.openqa.selenium.remote.http.W3CHttpResponseCodec.decode(W3CHttpResponseCodec.java:49)
	at org.openqa.selenium.remote.HttpCommandExecutor.execute(HttpCommandExecutor.java:158)
	at org.openqa.selenium.remote.service.DriverCommandExecutor.execute(DriverCommandExecutor.java:83)
	at org.openqa.selenium.remote.RemoteWebDriver.execute(RemoteWebDriver.java:548)
	at org.openqa.selenium.remote.RemoteWebDriver.findElement(RemoteWebDriver.java:322)
	at org.openqa.selenium.remote.RemoteWebDriver.findElementByXPath(RemoteWebDriver.java:424)
	at org.openqa.selenium.By$ByXPath.findElement(By.java:353)
	at org.openqa.selenium.remote.RemoteWebDriver.findElement(RemoteWebDriver.java:314)
	at test_report.BasicSearch_Veirfy_Search_Major_MinorRecords_WithDB.Search_byPF_Count(Unknown Source)
	at sun.reflect.NativeMethodAccessorImpl.invoke0(Native Method)
	at sun.reflect.NativeMethodAccessorImpl.invoke(Unknown Source)
	at sun.reflect.DelegatingMethodAccessorImpl.invoke(Unknown Source)
	at java.lang.reflect.Method.invoke(Unknown Source)
	at org.testng.internal.MethodInvocationHelper.invokeMethod(MethodInvocationHelper.java:74)
	at org.testng.internal.Invoker.invokeMethod(Invoker.java:673)
	at org.testng.internal.Invoker.invokeTestMethod(Invoker.java:846)
	at org.testng.internal.Invoker.invokeTestMethods(Invoker.java:1170)
	at org.testng.internal.TestMethodWorker.invokeTestMethods(TestMethodWorker.java:125)
	at org.testng.internal.TestMethodWorker.run(TestMethodWorker.java:109)
	at org.testng.TestRunner.runWorkers(TestRunner.java:1147)
	at org.testng.TestRunner.privateRun(TestRunner.java:749)
	at org.testng.TestRunner.run(TestRunner.java:600)
	at org.testng.SuiteRunner.runTest(SuiteRunner.java:317)
	at org.testng.SuiteRunner.runSequentially(SuiteRunner.java:312)
	at org.testng.SuiteRunner.privateRun(SuiteRunner.java:274)
	at org.testng.SuiteRunner.run(SuiteRunner.java:223)
	at org.testng.SuiteRunnerWorker.runSuite(SuiteRunnerWorker.java:52)
	at org.testng.SuiteRunnerWorker.run(SuiteRunnerWorker.java:86)
	at org.testng.TestNG.runSuitesSequentially(TestNG.java:1039)
	at org.testng.TestNG.runSuitesLocally(TestNG.java:964)
	at org.testng.TestNG.run(TestNG.java:900)
	at org.testng.TestNG.privateMain(TestNG.java:1182)
	at org.testng.TestNG.main(TestNG.java:1146)
]]>
            </full-stacktrace>
          </exception>
        </test-method>
        <test-method status="FAIL" signature="Search_count_byCommerceoffer()" name="Search_count_byCommerceoffer" duration-ms="87894" started-at="2018-10-24T06:49:17Z" finished-at="2018-10-24T06:50:45Z">
          <exception class="org.openqa.selenium.NoSuchElementException">
            <message>
              <![CDATA[Unable to locate element: /html/body/app-root/app-main/div/main/div[2]/div[2]/app-search-result/app-ato-list/div/div[2]/table/tbody
For documentation on this error, please visit: http://seleniumhq.org/exceptions/no_such_element.html
Build info: version: '3.14.0', revision: 'aacccce0', time: '2018-08-02T20:13:22.693Z'
System info: host: 'SHIWASIN-T5X72', ip: '10.65.55.4', os.name: 'Windows 10', os.arch: 'amd64', os.version: '10.0', java.version: '1.8.0_181'
Driver info: org.openqa.selenium.firefox.FirefoxDriver
Capabilities {acceptInsecureCerts: true, browserName: firefox, browserVersion: 59.0.2, javascriptEnabled: true, moz:accessibilityChecks: false, moz:headless: false, moz:processID: 32516, moz:profile: C:\Users\shiwasin.PARTNERS\..., moz:useNonSpecCompliantPointerOrigin: false, moz:webdriverClick: true, pageLoadStrategy: normal, platform: XP, platformName: XP, platformVersion: 10.0, rotatable: false, timeouts: {implicit: 0, pageLoad: 300000, script: 30000}}
Session ID: 4a096188-5347-442f-a561-010f8fc1c769
*** Element info: {Using=xpath, value=/html/body/app-root/app-main/div/main/div[2]/div[2]/app-search-result/app-ato-list/div/div[2]/table/tbody}]]>
            </message>
            <full-stacktrace>
              <![CDATA[org.openqa.selenium.NoSuchElementException: Unable to locate element: /html/body/app-root/app-main/div/main/div[2]/div[2]/app-search-result/app-ato-list/div/div[2]/table/tbody
For documentation on this error, please visit: http://seleniumhq.org/exceptions/no_such_element.html
Build info: version: '3.14.0', revision: 'aacccce0', time: '2018-08-02T20:13:22.693Z'
System info: host: 'SHIWASIN-T5X72', ip: '10.65.55.4', os.name: 'Windows 10', os.arch: 'amd64', os.version: '10.0', java.version: '1.8.0_181'
Driver info: org.openqa.selenium.firefox.FirefoxDriver
Capabilities {acceptInsecureCerts: true, browserName: firefox, browserVersion: 59.0.2, javascriptEnabled: true, moz:accessibilityChecks: false, moz:headless: false, moz:processID: 32516, moz:profile: C:\Users\shiwasin.PARTNERS\..., moz:useNonSpecCompliantPointerOrigin: false, moz:webdriverClick: true, pageLoadStrategy: normal, platform: XP, platformName: XP, platformVersion: 10.0, rotatable: false, timeouts: {implicit: 0, pageLoad: 300000, script: 30000}}
Session ID: 4a096188-5347-442f-a561-010f8fc1c769
*** Element info: {Using=xpath, value=/html/body/app-root/app-main/div/main/div[2]/div[2]/app-search-result/app-ato-list/div/div[2]/table/tbody}
	at sun.reflect.NativeConstructorAccessorImpl.newInstance0(Native Method)
	at sun.reflect.NativeConstructorAccessorImpl.newInstance(Unknown Source)
	at sun.reflect.DelegatingConstructorAccessorImpl.newInstance(Unknown Source)
	at java.lang.reflect.Constructor.newInstance(Unknown Source)
	at org.openqa.selenium.remote.http.W3CHttpResponseCodec.createException(W3CHttpResponseCodec.java:187)
	at org.openqa.selenium.remote.http.W3CHttpResponseCodec.decode(W3CHttpResponseCodec.java:122)
	at org.openqa.selenium.remote.http.W3CHttpResponseCodec.decode(W3CHttpResponseCodec.java:49)
	at org.openqa.selenium.remote.HttpCommandExecutor.execute(HttpCommandExecutor.java:158)
	at org.openqa.selenium.remote.service.DriverCommandExecutor.execute(DriverCommandExecutor.java:83)
	at org.openqa.selenium.remote.RemoteWebDriver.execute(RemoteWebDriver.java:548)
	at org.openqa.selenium.remote.RemoteWebDriver.findElement(RemoteWebDriver.java:322)
	at org.openqa.selenium.remote.RemoteWebDriver.findElementByXPath(RemoteWebDriver.java:424)
	at org.openqa.selenium.By$ByXPath.findElement(By.java:353)
	at org.openqa.selenium.remote.RemoteWebDriver.findElement(RemoteWebDriver.java:314)
	at test_report.BasicSearch_Veirfy_Search_Major_MinorRecords_WithDB.Search_count_byCommerceoffer(Unknown Source)
	at sun.reflect.NativeMethodAccessorImpl.invoke0(Native Method)
	at sun.reflect.NativeMethodAccessorImpl.invoke(Unknown Source)
	at sun.reflect.DelegatingMethodAccessorImpl.invoke(Unknown Source)
	at java.lang.reflect.Method.invoke(Unknown Source)
	at org.testng.internal.MethodInvocationHelper.invokeMethod(MethodInvocationHelper.java:74)
	at org.testng.internal.Invoker.invokeMethod(Invoker.java:673)
	at org.testng.internal.Invoker.invokeTestMethod(Invoker.java:846)
	at org.testng.internal.Invoker.invokeTestMethods(Invoker.java:1170)
	at org.testng.internal.TestMethodWorker.invokeTestMethods(TestMethodWorker.java:125)
	at org.testng.internal.TestMethodWorker.run(TestMethodWorker.java:109)
	at org.testng.TestRunner.runWorkers(TestRunner.java:1147)
	at org.testng.TestRunner.privateRun(TestRunner.java:749)
	at org.testng.TestRunner.run(TestRunner.java:600)
	at org.testng.SuiteRunner.runTest(SuiteRunner.java:317)
	at org.testng.SuiteRunner.runSequentially(SuiteRunner.java:312)
	at org.testng.SuiteRunner.privateRun(SuiteRunner.java:274)
	at org.testng.SuiteRunner.run(SuiteRunner.java:223)
	at org.testng.SuiteRunnerWorker.runSuite(SuiteRunnerWorker.java:52)
	at org.testng.SuiteRunnerWorker.run(SuiteRunnerWorker.java:86)
	at org.testng.TestNG.runSuitesSequentially(TestNG.java:1039)
	at org.testng.TestNG.runSuitesLocally(TestNG.java:964)
	at org.testng.TestNG.run(TestNG.java:900)
	at org.testng.TestNG.privateMain(TestNG.java:1182)
	at org.testng.TestNG.main(TestNG.java:1146)
]]>
            </full-stacktrace>
          </exception>
        </test-method>
        <test-method status="PASS" signature="Validate_Minor_Available_Or_Not()" name="Validate_Minor_Available_Or_Not" duration-ms="87519" started-at="2018-10-24T06:50:45Z" finished-at="2018-10-24T06:52:12Z">
        </test-method>
        <test-method status="PASS" signature="Validate_Subscription_BOM()" name="Validate_Subscription_BOM" duration-ms="70310" started-at="2018-10-24T06:52:12Z" finished-at="2018-10-24T06:53:22Z">
        </test-method>
      </class>
      <class name="test_report.BasicSearch_Filter_With_Valid_Invalid_Value">
        <test-method status="PASS" signature="Basic_Search_Filter_byDelOption()" name="Basic_Search_Filter_byDelOption" duration-ms="121245" started-at="2018-10-24T01:30:52Z" finished-at="2018-10-24T01:32:53Z">
        </test-method>
        <test-method status="PASS" signature="Basic_Search_Filter_byDescription()" name="Basic_Search_Filter_byDescription" duration-ms="103283" started-at="2018-10-24T01:32:53Z" finished-at="2018-10-24T01:34:36Z">
        </test-method>
        <test-method status="PASS" signature="Basic_Search_Filter_byInvDelOption()" name="Basic_Search_Filter_byInvDelOption" duration-ms="114406" started-at="2018-10-24T01:34:36Z" finished-at="2018-10-24T01:36:31Z">
        </test-method>
        <test-method status="FAIL" signature="Basic_Search_Filter_byInvDescription()" name="Basic_Search_Filter_byInvDescription" duration-ms="17300848" started-at="2018-10-24T01:36:31Z" finished-at="2018-10-24T06:24:52Z">
          <exception class="org.openqa.selenium.WebDriverException">
            <message>
              <![CDATA[Failed to decode response from marionette
Build info: version: '3.14.0', revision: 'aacccce0', time: '2018-08-02T20:13:22.693Z'
System info: host: 'SHIWASIN-T5X72', ip: '10.65.55.4', os.name: 'Windows 10', os.arch: 'amd64', os.version: '10.0', java.version: '1.8.0_181'
Driver info: org.openqa.selenium.firefox.FirefoxDriver
Capabilities {acceptInsecureCerts: true, browserName: firefox, browserVersion: 59.0.2, javascriptEnabled: true, moz:accessibilityChecks: false, moz:headless: false, moz:processID: 23856, moz:profile: C:\Users\shiwasin.PARTNERS\..., moz:useNonSpecCompliantPointerOrigin: false, moz:webdriverClick: true, pageLoadStrategy: normal, platform: XP, platformName: XP, platformVersion: 10.0, rotatable: false, timeouts: {implicit: 0, pageLoad: 300000, script: 30000}}
Session ID: 287f5a1e-1561-403f-a470-27eebd849263
*** Element info: {Using=tag name, value=input}]]>
            </message>
            <full-stacktrace>
              <![CDATA[org.openqa.selenium.WebDriverException: Failed to decode response from marionette
Build info: version: '3.14.0', revision: 'aacccce0', time: '2018-08-02T20:13:22.693Z'
System info: host: 'SHIWASIN-T5X72', ip: '10.65.55.4', os.name: 'Windows 10', os.arch: 'amd64', os.version: '10.0', java.version: '1.8.0_181'
Driver info: org.openqa.selenium.firefox.FirefoxDriver
Capabilities {acceptInsecureCerts: true, browserName: firefox, browserVersion: 59.0.2, javascriptEnabled: true, moz:accessibilityChecks: false, moz:headless: false, moz:processID: 23856, moz:profile: C:\Users\shiwasin.PARTNERS\..., moz:useNonSpecCompliantPointerOrigin: false, moz:webdriverClick: true, pageLoadStrategy: normal, platform: XP, platformName: XP, platformVersion: 10.0, rotatable: false, timeouts: {implicit: 0, pageLoad: 300000, script: 30000}}
Session ID: 287f5a1e-1561-403f-a470-27eebd849263
*** Element info: {Using=tag name, value=input}
	at sun.reflect.NativeConstructorAccessorImpl.newInstance0(Native Method)
	at sun.reflect.NativeConstructorAccessorImpl.newInstance(Unknown Source)
	at sun.reflect.DelegatingConstructorAccessorImpl.newInstance(Unknown Source)
	at java.lang.reflect.Constructor.newInstance(Unknown Source)
	at org.openqa.selenium.remote.http.W3CHttpResponseCodec.createException(W3CHttpResponseCodec.java:187)
	at org.openqa.selenium.remote.http.W3CHttpResponseCodec.decode(W3CHttpResponseCodec.java:122)
	at org.openqa.selenium.remote.http.W3CHttpResponseCodec.decode(W3CHttpResponseCodec.java:49)
	at org.openqa.selenium.remote.HttpCommandExecutor.execute(HttpCommandExecutor.java:158)
	at org.openqa.selenium.remote.service.DriverCommandExecutor.execute(DriverCommandExecutor.java:83)
	at org.openqa.selenium.remote.RemoteWebDriver.execute(RemoteWebDriver.java:548)
	at org.openqa.selenium.remote.RemoteWebDriver.findElement(RemoteWebDriver.java:322)
	at org.openqa.selenium.remote.RemoteWebDriver.findElementByTagName(RemoteWebDriver.java:392)
	at org.openqa.selenium.By$ByTagName.findElement(By.java:320)
	at org.openqa.selenium.remote.RemoteWebDriver.findElement(RemoteWebDriver.java:314)
	at test_report.BasicSearch_Filter_With_Valid_Invalid_Value.Basic_Search_Filter_byInvDescription(Unknown Source)
	at sun.reflect.NativeMethodAccessorImpl.invoke0(Native Method)
	at sun.reflect.NativeMethodAccessorImpl.invoke(Unknown Source)
	at sun.reflect.DelegatingMethodAccessorImpl.invoke(Unknown Source)
	at java.lang.reflect.Method.invoke(Unknown Source)
	at org.testng.internal.MethodInvocationHelper.invokeMethod(MethodInvocationHelper.java:74)
	at org.testng.internal.Invoker.invokeMethod(Invoker.java:673)
	at org.testng.internal.Invoker.invokeTestMethod(Invoker.java:846)
	at org.testng.internal.Invoker.invokeTestMethods(Invoker.java:1170)
	at org.testng.internal.TestMethodWorker.invokeTestMethods(TestMethodWorker.java:125)
	at org.testng.internal.TestMethodWorker.run(TestMethodWorker.java:109)
	at org.testng.TestRunner.runWorkers(TestRunner.java:1147)
	at org.testng.TestRunner.privateRun(TestRunner.java:749)
	at org.testng.TestRunner.run(TestRunner.java:600)
	at org.testng.SuiteRunner.runTest(SuiteRunner.java:317)
	at org.testng.SuiteRunner.runSequentially(SuiteRunner.java:312)
	at org.testng.SuiteRunner.privateRun(SuiteRunner.java:274)
	at org.testng.SuiteRunner.run(SuiteRunner.java:223)
	at org.testng.SuiteRunnerWorker.runSuite(SuiteRunnerWorker.java:52)
	at org.testng.SuiteRunnerWorker.run(SuiteRunnerWorker.java:86)
	at org.testng.TestNG.runSuitesSequentially(TestNG.java:1039)
	at org.testng.TestNG.runSuitesLocally(TestNG.java:964)
	at org.testng.TestNG.run(TestNG.java:900)
	at org.testng.TestNG.privateMain(TestNG.java:1182)
	at org.testng.TestNG.main(TestNG.java:1146)
]]>
            </full-stacktrace>
          </exception>
        </test-method>
        <test-method status="PASS" signature="Basic_Search_Filter_byInvPF()" name="Basic_Search_Filter_byInvPF" duration-ms="88579" started-at="2018-10-24T06:24:52Z" finished-at="2018-10-24T06:26:20Z">
        </test-method>
        <test-method status="PASS" signature="Basic_Search_Filter_byInvProductSubType()" name="Basic_Search_Filter_byInvProductSubType" duration-ms="92021" started-at="2018-10-24T06:26:20Z" finished-at="2018-10-24T06:27:52Z">
        </test-method>
        <test-method status="PASS" signature="Basic_Search_Filter_byInv_ItemName()" name="Basic_Search_Filter_byInv_ItemName" duration-ms="88486" started-at="2018-10-24T06:27:52Z" finished-at="2018-10-24T06:29:21Z">
        </test-method>
        <test-method status="PASS" signature="Basic_Search_Filter_byInv_ProductType()" name="Basic_Search_Filter_byInv_ProductType" duration-ms="111159" started-at="2018-10-24T06:29:21Z" finished-at="2018-10-24T06:31:12Z">
        </test-method>
        <test-method status="PASS" signature="Basic_Search_Filter_byItemName()" name="Basic_Search_Filter_byItemName" duration-ms="95900" started-at="2018-10-24T06:31:12Z" finished-at="2018-10-24T06:32:48Z">
        </test-method>
        <test-method status="PASS" signature="Basic_Search_Filter_byPF()" name="Basic_Search_Filter_byPF" duration-ms="89949" started-at="2018-10-24T06:32:48Z" finished-at="2018-10-24T06:34:18Z">
        </test-method>
        <test-method status="PASS" signature="Basic_Search_Filter_byProductSubType()" name="Basic_Search_Filter_byProductSubType" duration-ms="88964" started-at="2018-10-24T06:34:18Z" finished-at="2018-10-24T06:35:47Z">
        </test-method>
        <test-method status="PASS" signature="Basic_Search_Filter_byProductType()" name="Basic_Search_Filter_byProductType" duration-ms="89271" started-at="2018-10-24T06:35:47Z" finished-at="2018-10-24T06:37:16Z">
        </test-method>
      </class>
    </test>
  </suite>
</testng-results>
