<html>
<head>
<title>TestNG:  Test</title>
<link href="../testng.css" rel="stylesheet" type="text/css" />
<link href="../my-testng.css" rel="stylesheet" type="text/css" />

<style type="text/css">
.log { display: none;} 
.stack-trace { display: none;} 
</style>
<script type="text/javascript">
<!--
function flip(e) {
  current = e.style.display;
  if (current == 'block') {
    e.style.display = 'none';
    return 0;
  }
  else {
    e.style.display = 'block';
    return 1;
  }
}

function toggleBox(szDivId, elem, msg1, msg2)
{
  var res = -1;  if (document.getElementById) {
    res = flip(document.getElementById(szDivId));
  }
  else if (document.all) {
    // this is the way old msie versions work
    res = flip(document.all[szDivId]);
  }
  if(elem) {
    if(res == 0) elem.innerHTML = msg1; else elem.innerHTML = msg2;
  }

}

function toggleAllBoxes() {
  if (document.getElementsByTagName) {
    d = document.getElementsByTagName('div');
    for (i = 0; i < d.length; i++) {
      if (d[i].className == 'log') {
        flip(d[i]);
      }
    }
  }
}

// -->
</script>

</head>
<body>
<h2 align='center'>Test</h2><table border='1' align="center">
<tr>
<td>Tests passed/Failed/Skipped:</td><td>35/5/0</td>
</tr><tr>
<td>Started on:</td><td>Wed Oct 24 01:30:52 IST 2018</td>
</tr>
<tr><td>Total time:</td><td>21007 seconds (21007592 ms)</td>
</tr><tr>
<td>Included groups:</td><td></td>
</tr><tr>
<td>Excluded groups:</td><td></td>
</tr>
</table><p/>
<small><i>(Hover the method name to see the test class name)</i></small><p/>
<table width='100%' border='1' class='invocation-failed'>
<tr><td colspan='4' align='center'><b>FAILED TESTS</b></td></tr>
<tr><td><b>Test method</b></td>
<td width="30%"><b>Exception</b></td>
<td width="10%"><b>Time (seconds)</b></td>
<td><b>Instance</b></td>
</tr>
<tr>
<td title='test_report.BasicSearch_Filter_With_Valid_Invalid_Value.Basic_Search_Filter_byInvDescription()'><b>Basic_Search_Filter_byInvDescription</b><br>Test class: test_report.BasicSearch_Filter_With_Valid_Invalid_Value</td>
<td><div><pre>org.openqa.selenium.WebDriverException: Failed to decode response from marionette
Build info: version: &apos;3.14.0&apos;, revision: &apos;aacccce0&apos;, time: &apos;2018-08-02T20:13:22.693Z&apos;
System info: host: &apos;SHIWASIN-T5X72&apos;, ip: &apos;10.65.55.4&apos;, os.name: &apos;Windows 10&apos;, os.arch: &apos;amd64&apos;, os.version: &apos;10.0&apos;, java.version: &apos;1.8.0_181&apos;
Driver info: org.openqa.selenium.firefox.FirefoxDriver
Capabilities {acceptInsecureCerts: true, browserName: firefox, browserVersion: 59.0.2, javascriptEnabled: true, moz:accessibilityChecks: false, moz:headless: false, moz:processID: 23856, moz:profile: C:\Users\shiwasin.PARTNERS\..., moz:useNonSpecCompliantPointerOrigin: false, moz:webdriverClick: true, pageLoadStrategy: normal, platform: XP, platformName: XP, platformVersion: 10.0, rotatable: false, timeouts: {implicit: 0, pageLoad: 300000, script: 30000}}
Session ID: 287f5a1e-1561-403f-a470-27eebd849263
*** Element info: {Using=tag name, value=input}
	at org.openqa.selenium.remote.http.W3CHttpResponseCodec.createException(W3CHttpResponseCodec.java:187)
	at org.openqa.selenium.remote.http.W3CHttpResponseCodec.decode(W3CHttpResponseCodec.java:122)
	at org.openqa.selenium.remote.http.W3CHttpResponseCodec.decode(W3CHttpResponseCodec.java:49)
	at org.openqa.selenium.remote.HttpCommandExecutor.execute(HttpCommandExecutor.java:158)
	at org.openqa.selenium.remote.service.DriverCommandExecutor.execute(DriverCommandExecutor.java:83)
	at org.openqa.selenium.remote.RemoteWebDriver.execute(RemoteWebDriver.java:548)
	at org.openqa.selenium.remote.RemoteWebDriver.findElement(RemoteWebDriver.java:322)
	at org.openqa.selenium.remote.RemoteWebDriver.findElementByTagName(RemoteWebDriver.java:392)
	at org.openqa.selenium.By$ByTagName.findElement(By.java:320)
	at org.openqa.selenium.remote.RemoteWebDriver.findElement(RemoteWebDriver.java:314)
	at test_report.BasicSearch_Filter_With_Valid_Invalid_Value.Basic_Search_Filter_byInvDescription(Unknown Source)
... Removed 28 stack frames</pre></div><a href='#' onClick='toggleBox("stack-trace1164365897", this, "Click to show all stack frames", "Click to hide stack frames")'>Click to show all stack frames</a>
<div class='stack-trace' id='stack-trace1164365897'><pre>org.openqa.selenium.WebDriverException: Failed to decode response from marionette
Build info: version: '3.14.0', revision: 'aacccce0', time: '2018-08-02T20:13:22.693Z'
System info: host: 'SHIWASIN-T5X72', ip: '10.65.55.4', os.name: 'Windows 10', os.arch: 'amd64', os.version: '10.0', java.version: '1.8.0_181'
Driver info: org.openqa.selenium.firefox.FirefoxDriver
Capabilities {acceptInsecureCerts: true, browserName: firefox, browserVersion: 59.0.2, javascriptEnabled: true, moz:accessibilityChecks: false, moz:headless: false, moz:processID: 23856, moz:profile: C:\Users\shiwasin.PARTNERS\..., moz:useNonSpecCompliantPointerOrigin: false, moz:webdriverClick: true, pageLoadStrategy: normal, platform: XP, platformName: XP, platformVersion: 10.0, rotatable: false, timeouts: {implicit: 0, pageLoad: 300000, script: 30000}}
Session ID: 287f5a1e-1561-403f-a470-27eebd849263
*** Element info: {Using=tag name, value=input}
	at sun.reflect.NativeConstructorAccessorImpl.newInstance0(Native Method)
	at sun.reflect.NativeConstructorAccessorImpl.newInstance(Unknown Source)
	at sun.reflect.DelegatingConstructorAccessorImpl.newInstance(Unknown Source)
	at java.lang.reflect.Constructor.newInstance(Unknown Source)
	at org.openqa.selenium.remote.http.W3CHttpResponseCodec.createException(W3CHttpResponseCodec.java:187)
	at org.openqa.selenium.remote.http.W3CHttpResponseCodec.decode(W3CHttpResponseCodec.java:122)
	at org.openqa.selenium.remote.http.W3CHttpResponseCodec.decode(W3CHttpResponseCodec.java:49)
	at org.openqa.selenium.remote.HttpCommandExecutor.execute(HttpCommandExecutor.java:158)
	at org.openqa.selenium.remote.service.DriverCommandExecutor.execute(DriverCommandExecutor.java:83)
	at org.openqa.selenium.remote.RemoteWebDriver.execute(RemoteWebDriver.java:548)
	at org.openqa.selenium.remote.RemoteWebDriver.findElement(RemoteWebDriver.java:322)
	at org.openqa.selenium.remote.RemoteWebDriver.findElementByTagName(RemoteWebDriver.java:392)
	at org.openqa.selenium.By$ByTagName.findElement(By.java:320)
	at org.openqa.selenium.remote.RemoteWebDriver.findElement(RemoteWebDriver.java:314)
	at test_report.BasicSearch_Filter_With_Valid_Invalid_Value.Basic_Search_Filter_byInvDescription(Unknown Source)
	at sun.reflect.NativeMethodAccessorImpl.invoke0(Native Method)
	at sun.reflect.NativeMethodAccessorImpl.invoke(Unknown Source)
	at sun.reflect.DelegatingMethodAccessorImpl.invoke(Unknown Source)
	at java.lang.reflect.Method.invoke(Unknown Source)
	at org.testng.internal.MethodInvocationHelper.invokeMethod(MethodInvocationHelper.java:74)
	at org.testng.internal.Invoker.invokeMethod(Invoker.java:673)
	at org.testng.internal.Invoker.invokeTestMethod(Invoker.java:846)
	at org.testng.internal.Invoker.invokeTestMethods(Invoker.java:1170)
	at org.testng.internal.TestMethodWorker.invokeTestMethods(TestMethodWorker.java:125)
	at org.testng.internal.TestMethodWorker.run(TestMethodWorker.java:109)
	at org.testng.TestRunner.runWorkers(TestRunner.java:1147)
	at org.testng.TestRunner.privateRun(TestRunner.java:749)
	at org.testng.TestRunner.run(TestRunner.java:600)
	at org.testng.SuiteRunner.runTest(SuiteRunner.java:317)
	at org.testng.SuiteRunner.runSequentially(SuiteRunner.java:312)
	at org.testng.SuiteRunner.privateRun(SuiteRunner.java:274)
	at org.testng.SuiteRunner.run(SuiteRunner.java:223)
	at org.testng.SuiteRunnerWorker.runSuite(SuiteRunnerWorker.java:52)
	at org.testng.SuiteRunnerWorker.run(SuiteRunnerWorker.java:86)
	at org.testng.TestNG.runSuitesSequentially(TestNG.java:1039)
	at org.testng.TestNG.runSuitesLocally(TestNG.java:964)
	at org.testng.TestNG.run(TestNG.java:900)
	at org.testng.TestNG.privateMain(TestNG.java:1182)
	at org.testng.TestNG.main(TestNG.java:1146)
</pre></div></td>
<td>17300</td>
<td>test_report.BasicSearch_Filter_With_Valid_Invalid_Value@7cef4e59</td></tr>
<tr>
<td title='test_report.BasicSearch_Veirfy_Search_Major_MinorRecords_WithDB.OfferType_Count()'><b>OfferType_Count</b><br>Test class: test_report.BasicSearch_Veirfy_Search_Major_MinorRecords_WithDB</td>
<td><div><pre>org.openqa.selenium.NoSuchElementException: Unable to locate element: /html/body/app-root/app-main/div/main/div[2]/div[2]/app-search-result/app-ato-list/div/div[2]/table/tbody
For documentation on this error, please visit: http://seleniumhq.org/exceptions/no_such_element.html
Build info: version: &apos;3.14.0&apos;, revision: &apos;aacccce0&apos;, time: &apos;2018-08-02T20:13:22.693Z&apos;
System info: host: &apos;SHIWASIN-T5X72&apos;, ip: &apos;10.65.55.4&apos;, os.name: &apos;Windows 10&apos;, os.arch: &apos;amd64&apos;, os.version: &apos;10.0&apos;, java.version: &apos;1.8.0_181&apos;
Driver info: org.openqa.selenium.firefox.FirefoxDriver
Capabilities {acceptInsecureCerts: true, browserName: firefox, browserVersion: 59.0.2, javascriptEnabled: true, moz:accessibilityChecks: false, moz:headless: false, moz:processID: 27836, moz:profile: C:\Users\shiwasin.PARTNERS\..., moz:useNonSpecCompliantPointerOrigin: false, moz:webdriverClick: true, pageLoadStrategy: normal, platform: XP, platformName: XP, platformVersion: 10.0, rotatable: false, timeouts: {implicit: 0, pageLoad: 300000, script: 30000}}
Session ID: 680133e4-ab99-4eed-b657-1aaac0a6208c
*** Element info: {Using=xpath, value=/html/body/app-root/app-main/div/main/div[2]/div[2]/app-search-result/app-ato-list/div/div[2]/table/tbody}
	at org.openqa.selenium.remote.http.W3CHttpResponseCodec.createException(W3CHttpResponseCodec.java:187)
	at org.openqa.selenium.remote.http.W3CHttpResponseCodec.decode(W3CHttpResponseCodec.java:122)
	at org.openqa.selenium.remote.http.W3CHttpResponseCodec.decode(W3CHttpResponseCodec.java:49)
	at org.openqa.selenium.remote.HttpCommandExecutor.execute(HttpCommandExecutor.java:158)
	at org.openqa.selenium.remote.service.DriverCommandExecutor.execute(DriverCommandExecutor.java:83)
	at org.openqa.selenium.remote.RemoteWebDriver.execute(RemoteWebDriver.java:548)
	at org.openqa.selenium.remote.RemoteWebDriver.findElement(RemoteWebDriver.java:322)
	at org.openqa.selenium.remote.RemoteWebDriver.findElementByXPath(RemoteWebDriver.java:424)
	at org.openqa.selenium.By$ByXPath.findElement(By.java:353)
	at org.openqa.selenium.remote.RemoteWebDriver.findElement(RemoteWebDriver.java:314)
	at test_report.BasicSearch_Veirfy_Search_Major_MinorRecords_WithDB.OfferType_Count(Unknown Source)
... Removed 28 stack frames</pre></div><a href='#' onClick='toggleBox("stack-trace1586636359", this, "Click to show all stack frames", "Click to hide stack frames")'>Click to show all stack frames</a>
<div class='stack-trace' id='stack-trace1586636359'><pre>org.openqa.selenium.NoSuchElementException: Unable to locate element: /html/body/app-root/app-main/div/main/div[2]/div[2]/app-search-result/app-ato-list/div/div[2]/table/tbody
For documentation on this error, please visit: http://seleniumhq.org/exceptions/no_such_element.html
Build info: version: '3.14.0', revision: 'aacccce0', time: '2018-08-02T20:13:22.693Z'
System info: host: 'SHIWASIN-T5X72', ip: '10.65.55.4', os.name: 'Windows 10', os.arch: 'amd64', os.version: '10.0', java.version: '1.8.0_181'
Driver info: org.openqa.selenium.firefox.FirefoxDriver
Capabilities {acceptInsecureCerts: true, browserName: firefox, browserVersion: 59.0.2, javascriptEnabled: true, moz:accessibilityChecks: false, moz:headless: false, moz:processID: 27836, moz:profile: C:\Users\shiwasin.PARTNERS\..., moz:useNonSpecCompliantPointerOrigin: false, moz:webdriverClick: true, pageLoadStrategy: normal, platform: XP, platformName: XP, platformVersion: 10.0, rotatable: false, timeouts: {implicit: 0, pageLoad: 300000, script: 30000}}
Session ID: 680133e4-ab99-4eed-b657-1aaac0a6208c
*** Element info: {Using=xpath, value=/html/body/app-root/app-main/div/main/div[2]/div[2]/app-search-result/app-ato-list/div/div[2]/table/tbody}
	at sun.reflect.NativeConstructorAccessorImpl.newInstance0(Native Method)
	at sun.reflect.NativeConstructorAccessorImpl.newInstance(Unknown Source)
	at sun.reflect.DelegatingConstructorAccessorImpl.newInstance(Unknown Source)
	at java.lang.reflect.Constructor.newInstance(Unknown Source)
	at org.openqa.selenium.remote.http.W3CHttpResponseCodec.createException(W3CHttpResponseCodec.java:187)
	at org.openqa.selenium.remote.http.W3CHttpResponseCodec.decode(W3CHttpResponseCodec.java:122)
	at org.openqa.selenium.remote.http.W3CHttpResponseCodec.decode(W3CHttpResponseCodec.java:49)
	at org.openqa.selenium.remote.HttpCommandExecutor.execute(HttpCommandExecutor.java:158)
	at org.openqa.selenium.remote.service.DriverCommandExecutor.execute(DriverCommandExecutor.java:83)
	at org.openqa.selenium.remote.RemoteWebDriver.execute(RemoteWebDriver.java:548)
	at org.openqa.selenium.remote.RemoteWebDriver.findElement(RemoteWebDriver.java:322)
	at org.openqa.selenium.remote.RemoteWebDriver.findElementByXPath(RemoteWebDriver.java:424)
	at org.openqa.selenium.By$ByXPath.findElement(By.java:353)
	at org.openqa.selenium.remote.RemoteWebDriver.findElement(RemoteWebDriver.java:314)
	at test_report.BasicSearch_Veirfy_Search_Major_MinorRecords_WithDB.OfferType_Count(Unknown Source)
	at sun.reflect.NativeMethodAccessorImpl.invoke0(Native Method)
	at sun.reflect.NativeMethodAccessorImpl.invoke(Unknown Source)
	at sun.reflect.DelegatingMethodAccessorImpl.invoke(Unknown Source)
	at java.lang.reflect.Method.invoke(Unknown Source)
	at org.testng.internal.MethodInvocationHelper.invokeMethod(MethodInvocationHelper.java:74)
	at org.testng.internal.Invoker.invokeMethod(Invoker.java:673)
	at org.testng.internal.Invoker.invokeTestMethod(Invoker.java:846)
	at org.testng.internal.Invoker.invokeTestMethods(Invoker.java:1170)
	at org.testng.internal.TestMethodWorker.invokeTestMethods(TestMethodWorker.java:125)
	at org.testng.internal.TestMethodWorker.run(TestMethodWorker.java:109)
	at org.testng.TestRunner.runWorkers(TestRunner.java:1147)
	at org.testng.TestRunner.privateRun(TestRunner.java:749)
	at org.testng.TestRunner.run(TestRunner.java:600)
	at org.testng.SuiteRunner.runTest(SuiteRunner.java:317)
	at org.testng.SuiteRunner.runSequentially(SuiteRunner.java:312)
	at org.testng.SuiteRunner.privateRun(SuiteRunner.java:274)
	at org.testng.SuiteRunner.run(SuiteRunner.java:223)
	at org.testng.SuiteRunnerWorker.runSuite(SuiteRunnerWorker.java:52)
	at org.testng.SuiteRunnerWorker.run(SuiteRunnerWorker.java:86)
	at org.testng.TestNG.runSuitesSequentially(TestNG.java:1039)
	at org.testng.TestNG.runSuitesLocally(TestNG.java:964)
	at org.testng.TestNG.run(TestNG.java:900)
	at org.testng.TestNG.privateMain(TestNG.java:1182)
	at org.testng.TestNG.main(TestNG.java:1146)
</pre></div></td>
<td>95</td>
<td>test_report.BasicSearch_Veirfy_Search_Major_MinorRecords_WithDB@64b8f8f4</td></tr>
<tr>
<td title='test_report.BasicSearch_Veirfy_Search_Major_MinorRecords_WithDB.Search_byOfferType()'><b>Search_byOfferType</b><br>Test class: test_report.BasicSearch_Veirfy_Search_Major_MinorRecords_WithDB</td>
<td><div><pre>org.openqa.selenium.NoSuchElementException: Unable to locate element: /html/body/app-root/app-main/div/main/div[2]/div[2]/app-search-result/app-ato-list/div/div[2]/table/tbody/tr[1]/td[8]/div
For documentation on this error, please visit: http://seleniumhq.org/exceptions/no_such_element.html
Build info: version: &apos;3.14.0&apos;, revision: &apos;aacccce0&apos;, time: &apos;2018-08-02T20:13:22.693Z&apos;
System info: host: &apos;SHIWASIN-T5X72&apos;, ip: &apos;10.65.55.4&apos;, os.name: &apos;Windows 10&apos;, os.arch: &apos;amd64&apos;, os.version: &apos;10.0&apos;, java.version: &apos;1.8.0_181&apos;
Driver info: org.openqa.selenium.firefox.FirefoxDriver
Capabilities {acceptInsecureCerts: true, browserName: firefox, browserVersion: 59.0.2, javascriptEnabled: true, moz:accessibilityChecks: false, moz:headless: false, moz:processID: 20520, moz:profile: C:\Users\shiwasin.PARTNERS\..., moz:useNonSpecCompliantPointerOrigin: false, moz:webdriverClick: true, pageLoadStrategy: normal, platform: XP, platformName: XP, platformVersion: 10.0, rotatable: false, timeouts: {implicit: 0, pageLoad: 300000, script: 30000}}
Session ID: abff4476-2bcc-4528-a8c0-4b939c639c12
*** Element info: {Using=xpath, value=/html/body/app-root/app-main/div/main/div[2]/div[2]/app-search-result/app-ato-list/div/div[2]/table/tbody/tr[1]/td[8]/div}
	at org.openqa.selenium.remote.http.W3CHttpResponseCodec.createException(W3CHttpResponseCodec.java:187)
	at org.openqa.selenium.remote.http.W3CHttpResponseCodec.decode(W3CHttpResponseCodec.java:122)
	at org.openqa.selenium.remote.http.W3CHttpResponseCodec.decode(W3CHttpResponseCodec.java:49)
	at org.openqa.selenium.remote.HttpCommandExecutor.execute(HttpCommandExecutor.java:158)
	at org.openqa.selenium.remote.service.DriverCommandExecutor.execute(DriverCommandExecutor.java:83)
	at org.openqa.selenium.remote.RemoteWebDriver.execute(RemoteWebDriver.java:548)
	at org.openqa.selenium.remote.RemoteWebDriver.findElement(RemoteWebDriver.java:322)
	at org.openqa.selenium.remote.RemoteWebDriver.findElementByXPath(RemoteWebDriver.java:424)
	at org.openqa.selenium.By$ByXPath.findElement(By.java:353)
	at org.openqa.selenium.remote.RemoteWebDriver.findElement(RemoteWebDriver.java:314)
	at test_report.BasicSearch_Veirfy_Search_Major_MinorRecords_WithDB.Search_byOfferType(Unknown Source)
... Removed 28 stack frames</pre></div><a href='#' onClick='toggleBox("stack-trace2036949810", this, "Click to show all stack frames", "Click to hide stack frames")'>Click to show all stack frames</a>
<div class='stack-trace' id='stack-trace2036949810'><pre>org.openqa.selenium.NoSuchElementException: Unable to locate element: /html/body/app-root/app-main/div/main/div[2]/div[2]/app-search-result/app-ato-list/div/div[2]/table/tbody/tr[1]/td[8]/div
For documentation on this error, please visit: http://seleniumhq.org/exceptions/no_such_element.html
Build info: version: '3.14.0', revision: 'aacccce0', time: '2018-08-02T20:13:22.693Z'
System info: host: 'SHIWASIN-T5X72', ip: '10.65.55.4', os.name: 'Windows 10', os.arch: 'amd64', os.version: '10.0', java.version: '1.8.0_181'
Driver info: org.openqa.selenium.firefox.FirefoxDriver
Capabilities {acceptInsecureCerts: true, browserName: firefox, browserVersion: 59.0.2, javascriptEnabled: true, moz:accessibilityChecks: false, moz:headless: false, moz:processID: 20520, moz:profile: C:\Users\shiwasin.PARTNERS\..., moz:useNonSpecCompliantPointerOrigin: false, moz:webdriverClick: true, pageLoadStrategy: normal, platform: XP, platformName: XP, platformVersion: 10.0, rotatable: false, timeouts: {implicit: 0, pageLoad: 300000, script: 30000}}
Session ID: abff4476-2bcc-4528-a8c0-4b939c639c12
*** Element info: {Using=xpath, value=/html/body/app-root/app-main/div/main/div[2]/div[2]/app-search-result/app-ato-list/div/div[2]/table/tbody/tr[1]/td[8]/div}
	at sun.reflect.NativeConstructorAccessorImpl.newInstance0(Native Method)
	at sun.reflect.NativeConstructorAccessorImpl.newInstance(Unknown Source)
	at sun.reflect.DelegatingConstructorAccessorImpl.newInstance(Unknown Source)
	at java.lang.reflect.Constructor.newInstance(Unknown Source)
	at org.openqa.selenium.remote.http.W3CHttpResponseCodec.createException(W3CHttpResponseCodec.java:187)
	at org.openqa.selenium.remote.http.W3CHttpResponseCodec.decode(W3CHttpResponseCodec.java:122)
	at org.openqa.selenium.remote.http.W3CHttpResponseCodec.decode(W3CHttpResponseCodec.java:49)
	at org.openqa.selenium.remote.HttpCommandExecutor.execute(HttpCommandExecutor.java:158)
	at org.openqa.selenium.remote.service.DriverCommandExecutor.execute(DriverCommandExecutor.java:83)
	at org.openqa.selenium.remote.RemoteWebDriver.execute(RemoteWebDriver.java:548)
	at org.openqa.selenium.remote.RemoteWebDriver.findElement(RemoteWebDriver.java:322)
	at org.openqa.selenium.remote.RemoteWebDriver.findElementByXPath(RemoteWebDriver.java:424)
	at org.openqa.selenium.By$ByXPath.findElement(By.java:353)
	at org.openqa.selenium.remote.RemoteWebDriver.findElement(RemoteWebDriver.java:314)
	at test_report.BasicSearch_Veirfy_Search_Major_MinorRecords_WithDB.Search_byOfferType(Unknown Source)
	at sun.reflect.NativeMethodAccessorImpl.invoke0(Native Method)
	at sun.reflect.NativeMethodAccessorImpl.invoke(Unknown Source)
	at sun.reflect.DelegatingMethodAccessorImpl.invoke(Unknown Source)
	at java.lang.reflect.Method.invoke(Unknown Source)
	at org.testng.internal.MethodInvocationHelper.invokeMethod(MethodInvocationHelper.java:74)
	at org.testng.internal.Invoker.invokeMethod(Invoker.java:673)
	at org.testng.internal.Invoker.invokeTestMethod(Invoker.java:846)
	at org.testng.internal.Invoker.invokeTestMethods(Invoker.java:1170)
	at org.testng.internal.TestMethodWorker.invokeTestMethods(TestMethodWorker.java:125)
	at org.testng.internal.TestMethodWorker.run(TestMethodWorker.java:109)
	at org.testng.TestRunner.runWorkers(TestRunner.java:1147)
	at org.testng.TestRunner.privateRun(TestRunner.java:749)
	at org.testng.TestRunner.run(TestRunner.java:600)
	at org.testng.SuiteRunner.runTest(SuiteRunner.java:317)
	at org.testng.SuiteRunner.runSequentially(SuiteRunner.java:312)
	at org.testng.SuiteRunner.privateRun(SuiteRunner.java:274)
	at org.testng.SuiteRunner.run(SuiteRunner.java:223)
	at org.testng.SuiteRunnerWorker.runSuite(SuiteRunnerWorker.java:52)
	at org.testng.SuiteRunnerWorker.run(SuiteRunnerWorker.java:86)
	at org.testng.TestNG.runSuitesSequentially(TestNG.java:1039)
	at org.testng.TestNG.runSuitesLocally(TestNG.java:964)
	at org.testng.TestNG.run(TestNG.java:900)
	at org.testng.TestNG.privateMain(TestNG.java:1182)
	at org.testng.TestNG.main(TestNG.java:1146)
</pre></div></td>
<td>110</td>
<td>test_report.BasicSearch_Veirfy_Search_Major_MinorRecords_WithDB@64b8f8f4</td></tr>
<tr>
<td title='test_report.BasicSearch_Veirfy_Search_Major_MinorRecords_WithDB.Search_byPF_Count()'><b>Search_byPF_Count</b><br>Test class: test_report.BasicSearch_Veirfy_Search_Major_MinorRecords_WithDB</td>
<td><div><pre>org.openqa.selenium.NoSuchElementException: Unable to locate element: /html/body/app-root/app-main/div/main/div[2]/div[2]/app-search-result/app-ato-list/div/div[2]/table/tbody
For documentation on this error, please visit: http://seleniumhq.org/exceptions/no_such_element.html
Build info: version: &apos;3.14.0&apos;, revision: &apos;aacccce0&apos;, time: &apos;2018-08-02T20:13:22.693Z&apos;
System info: host: &apos;SHIWASIN-T5X72&apos;, ip: &apos;10.65.55.4&apos;, os.name: &apos;Windows 10&apos;, os.arch: &apos;amd64&apos;, os.version: &apos;10.0&apos;, java.version: &apos;1.8.0_181&apos;
Driver info: org.openqa.selenium.firefox.FirefoxDriver
Capabilities {acceptInsecureCerts: true, browserName: firefox, browserVersion: 59.0.2, javascriptEnabled: true, moz:accessibilityChecks: false, moz:headless: false, moz:processID: 31068, moz:profile: C:\Users\shiwasin.PARTNERS\..., moz:useNonSpecCompliantPointerOrigin: false, moz:webdriverClick: true, pageLoadStrategy: normal, platform: XP, platformName: XP, platformVersion: 10.0, rotatable: false, timeouts: {implicit: 0, pageLoad: 300000, script: 30000}}
Session ID: fea2d2b7-7d6a-4a02-a459-1bb43a970e98
*** Element info: {Using=xpath, value=/html/body/app-root/app-main/div/main/div[2]/div[2]/app-search-result/app-ato-list/div/div[2]/table/tbody}
	at org.openqa.selenium.remote.http.W3CHttpResponseCodec.createException(W3CHttpResponseCodec.java:187)
	at org.openqa.selenium.remote.http.W3CHttpResponseCodec.decode(W3CHttpResponseCodec.java:122)
	at org.openqa.selenium.remote.http.W3CHttpResponseCodec.decode(W3CHttpResponseCodec.java:49)
	at org.openqa.selenium.remote.HttpCommandExecutor.execute(HttpCommandExecutor.java:158)
	at org.openqa.selenium.remote.service.DriverCommandExecutor.execute(DriverCommandExecutor.java:83)
	at org.openqa.selenium.remote.RemoteWebDriver.execute(RemoteWebDriver.java:548)
	at org.openqa.selenium.remote.RemoteWebDriver.findElement(RemoteWebDriver.java:322)
	at org.openqa.selenium.remote.RemoteWebDriver.findElementByXPath(RemoteWebDriver.java:424)
	at org.openqa.selenium.By$ByXPath.findElement(By.java:353)
	at org.openqa.selenium.remote.RemoteWebDriver.findElement(RemoteWebDriver.java:314)
	at test_report.BasicSearch_Veirfy_Search_Major_MinorRecords_WithDB.Search_byPF_Count(Unknown Source)
... Removed 28 stack frames</pre></div><a href='#' onClick='toggleBox("stack-trace1798165471", this, "Click to show all stack frames", "Click to hide stack frames")'>Click to show all stack frames</a>
<div class='stack-trace' id='stack-trace1798165471'><pre>org.openqa.selenium.NoSuchElementException: Unable to locate element: /html/body/app-root/app-main/div/main/div[2]/div[2]/app-search-result/app-ato-list/div/div[2]/table/tbody
For documentation on this error, please visit: http://seleniumhq.org/exceptions/no_such_element.html
Build info: version: '3.14.0', revision: 'aacccce0', time: '2018-08-02T20:13:22.693Z'
System info: host: 'SHIWASIN-T5X72', ip: '10.65.55.4', os.name: 'Windows 10', os.arch: 'amd64', os.version: '10.0', java.version: '1.8.0_181'
Driver info: org.openqa.selenium.firefox.FirefoxDriver
Capabilities {acceptInsecureCerts: true, browserName: firefox, browserVersion: 59.0.2, javascriptEnabled: true, moz:accessibilityChecks: false, moz:headless: false, moz:processID: 31068, moz:profile: C:\Users\shiwasin.PARTNERS\..., moz:useNonSpecCompliantPointerOrigin: false, moz:webdriverClick: true, pageLoadStrategy: normal, platform: XP, platformName: XP, platformVersion: 10.0, rotatable: false, timeouts: {implicit: 0, pageLoad: 300000, script: 30000}}
Session ID: fea2d2b7-7d6a-4a02-a459-1bb43a970e98
*** Element info: {Using=xpath, value=/html/body/app-root/app-main/div/main/div[2]/div[2]/app-search-result/app-ato-list/div/div[2]/table/tbody}
	at sun.reflect.NativeConstructorAccessorImpl.newInstance0(Native Method)
	at sun.reflect.NativeConstructorAccessorImpl.newInstance(Unknown Source)
	at sun.reflect.DelegatingConstructorAccessorImpl.newInstance(Unknown Source)
	at java.lang.reflect.Constructor.newInstance(Unknown Source)
	at org.openqa.selenium.remote.http.W3CHttpResponseCodec.createException(W3CHttpResponseCodec.java:187)
	at org.openqa.selenium.remote.http.W3CHttpResponseCodec.decode(W3CHttpResponseCodec.java:122)
	at org.openqa.selenium.remote.http.W3CHttpResponseCodec.decode(W3CHttpResponseCodec.java:49)
	at org.openqa.selenium.remote.HttpCommandExecutor.execute(HttpCommandExecutor.java:158)
	at org.openqa.selenium.remote.service.DriverCommandExecutor.execute(DriverCommandExecutor.java:83)
	at org.openqa.selenium.remote.RemoteWebDriver.execute(RemoteWebDriver.java:548)
	at org.openqa.selenium.remote.RemoteWebDriver.findElement(RemoteWebDriver.java:322)
	at org.openqa.selenium.remote.RemoteWebDriver.findElementByXPath(RemoteWebDriver.java:424)
	at org.openqa.selenium.By$ByXPath.findElement(By.java:353)
	at org.openqa.selenium.remote.RemoteWebDriver.findElement(RemoteWebDriver.java:314)
	at test_report.BasicSearch_Veirfy_Search_Major_MinorRecords_WithDB.Search_byPF_Count(Unknown Source)
	at sun.reflect.NativeMethodAccessorImpl.invoke0(Native Method)
	at sun.reflect.NativeMethodAccessorImpl.invoke(Unknown Source)
	at sun.reflect.DelegatingMethodAccessorImpl.invoke(Unknown Source)
	at java.lang.reflect.Method.invoke(Unknown Source)
	at org.testng.internal.MethodInvocationHelper.invokeMethod(MethodInvocationHelper.java:74)
	at org.testng.internal.Invoker.invokeMethod(Invoker.java:673)
	at org.testng.internal.Invoker.invokeTestMethod(Invoker.java:846)
	at org.testng.internal.Invoker.invokeTestMethods(Invoker.java:1170)
	at org.testng.internal.TestMethodWorker.invokeTestMethods(TestMethodWorker.java:125)
	at org.testng.internal.TestMethodWorker.run(TestMethodWorker.java:109)
	at org.testng.TestRunner.runWorkers(TestRunner.java:1147)
	at org.testng.TestRunner.privateRun(TestRunner.java:749)
	at org.testng.TestRunner.run(TestRunner.java:600)
	at org.testng.SuiteRunner.runTest(SuiteRunner.java:317)
	at org.testng.SuiteRunner.runSequentially(SuiteRunner.java:312)
	at org.testng.SuiteRunner.privateRun(SuiteRunner.java:274)
	at org.testng.SuiteRunner.run(SuiteRunner.java:223)
	at org.testng.SuiteRunnerWorker.runSuite(SuiteRunnerWorker.java:52)
	at org.testng.SuiteRunnerWorker.run(SuiteRunnerWorker.java:86)
	at org.testng.TestNG.runSuitesSequentially(TestNG.java:1039)
	at org.testng.TestNG.runSuitesLocally(TestNG.java:964)
	at org.testng.TestNG.run(TestNG.java:900)
	at org.testng.TestNG.privateMain(TestNG.java:1182)
	at org.testng.TestNG.main(TestNG.java:1146)
</pre></div></td>
<td>89</td>
<td>test_report.BasicSearch_Veirfy_Search_Major_MinorRecords_WithDB@64b8f8f4</td></tr>
<tr>
<td title='test_report.BasicSearch_Veirfy_Search_Major_MinorRecords_WithDB.Search_count_byCommerceoffer()'><b>Search_count_byCommerceoffer</b><br>Test class: test_report.BasicSearch_Veirfy_Search_Major_MinorRecords_WithDB</td>
<td><div><pre>org.openqa.selenium.NoSuchElementException: Unable to locate element: /html/body/app-root/app-main/div/main/div[2]/div[2]/app-search-result/app-ato-list/div/div[2]/table/tbody
For documentation on this error, please visit: http://seleniumhq.org/exceptions/no_such_element.html
Build info: version: &apos;3.14.0&apos;, revision: &apos;aacccce0&apos;, time: &apos;2018-08-02T20:13:22.693Z&apos;
System info: host: &apos;SHIWASIN-T5X72&apos;, ip: &apos;10.65.55.4&apos;, os.name: &apos;Windows 10&apos;, os.arch: &apos;amd64&apos;, os.version: &apos;10.0&apos;, java.version: &apos;1.8.0_181&apos;
Driver info: org.openqa.selenium.firefox.FirefoxDriver
Capabilities {acceptInsecureCerts: true, browserName: firefox, browserVersion: 59.0.2, javascriptEnabled: true, moz:accessibilityChecks: false, moz:headless: false, moz:processID: 32516, moz:profile: C:\Users\shiwasin.PARTNERS\..., moz:useNonSpecCompliantPointerOrigin: false, moz:webdriverClick: true, pageLoadStrategy: normal, platform: XP, platformName: XP, platformVersion: 10.0, rotatable: false, timeouts: {implicit: 0, pageLoad: 300000, script: 30000}}
Session ID: 4a096188-5347-442f-a561-010f8fc1c769
*** Element info: {Using=xpath, value=/html/body/app-root/app-main/div/main/div[2]/div[2]/app-search-result/app-ato-list/div/div[2]/table/tbody}
	at org.openqa.selenium.remote.http.W3CHttpResponseCodec.createException(W3CHttpResponseCodec.java:187)
	at org.openqa.selenium.remote.http.W3CHttpResponseCodec.decode(W3CHttpResponseCodec.java:122)
	at org.openqa.selenium.remote.http.W3CHttpResponseCodec.decode(W3CHttpResponseCodec.java:49)
	at org.openqa.selenium.remote.HttpCommandExecutor.execute(HttpCommandExecutor.java:158)
	at org.openqa.selenium.remote.service.DriverCommandExecutor.execute(DriverCommandExecutor.java:83)
	at org.openqa.selenium.remote.RemoteWebDriver.execute(RemoteWebDriver.java:548)
	at org.openqa.selenium.remote.RemoteWebDriver.findElement(RemoteWebDriver.java:322)
	at org.openqa.selenium.remote.RemoteWebDriver.findElementByXPath(RemoteWebDriver.java:424)
	at org.openqa.selenium.By$ByXPath.findElement(By.java:353)
	at org.openqa.selenium.remote.RemoteWebDriver.findElement(RemoteWebDriver.java:314)
	at test_report.BasicSearch_Veirfy_Search_Major_MinorRecords_WithDB.Search_count_byCommerceoffer(Unknown Source)
... Removed 28 stack frames</pre></div><a href='#' onClick='toggleBox("stack-trace999788668", this, "Click to show all stack frames", "Click to hide stack frames")'>Click to show all stack frames</a>
<div class='stack-trace' id='stack-trace999788668'><pre>org.openqa.selenium.NoSuchElementException: Unable to locate element: /html/body/app-root/app-main/div/main/div[2]/div[2]/app-search-result/app-ato-list/div/div[2]/table/tbody
For documentation on this error, please visit: http://seleniumhq.org/exceptions/no_such_element.html
Build info: version: '3.14.0', revision: 'aacccce0', time: '2018-08-02T20:13:22.693Z'
System info: host: 'SHIWASIN-T5X72', ip: '10.65.55.4', os.name: 'Windows 10', os.arch: 'amd64', os.version: '10.0', java.version: '1.8.0_181'
Driver info: org.openqa.selenium.firefox.FirefoxDriver
Capabilities {acceptInsecureCerts: true, browserName: firefox, browserVersion: 59.0.2, javascriptEnabled: true, moz:accessibilityChecks: false, moz:headless: false, moz:processID: 32516, moz:profile: C:\Users\shiwasin.PARTNERS\..., moz:useNonSpecCompliantPointerOrigin: false, moz:webdriverClick: true, pageLoadStrategy: normal, platform: XP, platformName: XP, platformVersion: 10.0, rotatable: false, timeouts: {implicit: 0, pageLoad: 300000, script: 30000}}
Session ID: 4a096188-5347-442f-a561-010f8fc1c769
*** Element info: {Using=xpath, value=/html/body/app-root/app-main/div/main/div[2]/div[2]/app-search-result/app-ato-list/div/div[2]/table/tbody}
	at sun.reflect.NativeConstructorAccessorImpl.newInstance0(Native Method)
	at sun.reflect.NativeConstructorAccessorImpl.newInstance(Unknown Source)
	at sun.reflect.DelegatingConstructorAccessorImpl.newInstance(Unknown Source)
	at java.lang.reflect.Constructor.newInstance(Unknown Source)
	at org.openqa.selenium.remote.http.W3CHttpResponseCodec.createException(W3CHttpResponseCodec.java:187)
	at org.openqa.selenium.remote.http.W3CHttpResponseCodec.decode(W3CHttpResponseCodec.java:122)
	at org.openqa.selenium.remote.http.W3CHttpResponseCodec.decode(W3CHttpResponseCodec.java:49)
	at org.openqa.selenium.remote.HttpCommandExecutor.execute(HttpCommandExecutor.java:158)
	at org.openqa.selenium.remote.service.DriverCommandExecutor.execute(DriverCommandExecutor.java:83)
	at org.openqa.selenium.remote.RemoteWebDriver.execute(RemoteWebDriver.java:548)
	at org.openqa.selenium.remote.RemoteWebDriver.findElement(RemoteWebDriver.java:322)
	at org.openqa.selenium.remote.RemoteWebDriver.findElementByXPath(RemoteWebDriver.java:424)
	at org.openqa.selenium.By$ByXPath.findElement(By.java:353)
	at org.openqa.selenium.remote.RemoteWebDriver.findElement(RemoteWebDriver.java:314)
	at test_report.BasicSearch_Veirfy_Search_Major_MinorRecords_WithDB.Search_count_byCommerceoffer(Unknown Source)
	at sun.reflect.NativeMethodAccessorImpl.invoke0(Native Method)
	at sun.reflect.NativeMethodAccessorImpl.invoke(Unknown Source)
	at sun.reflect.DelegatingMethodAccessorImpl.invoke(Unknown Source)
	at java.lang.reflect.Method.invoke(Unknown Source)
	at org.testng.internal.MethodInvocationHelper.invokeMethod(MethodInvocationHelper.java:74)
	at org.testng.internal.Invoker.invokeMethod(Invoker.java:673)
	at org.testng.internal.Invoker.invokeTestMethod(Invoker.java:846)
	at org.testng.internal.Invoker.invokeTestMethods(Invoker.java:1170)
	at org.testng.internal.TestMethodWorker.invokeTestMethods(TestMethodWorker.java:125)
	at org.testng.internal.TestMethodWorker.run(TestMethodWorker.java:109)
	at org.testng.TestRunner.runWorkers(TestRunner.java:1147)
	at org.testng.TestRunner.privateRun(TestRunner.java:749)
	at org.testng.TestRunner.run(TestRunner.java:600)
	at org.testng.SuiteRunner.runTest(SuiteRunner.java:317)
	at org.testng.SuiteRunner.runSequentially(SuiteRunner.java:312)
	at org.testng.SuiteRunner.privateRun(SuiteRunner.java:274)
	at org.testng.SuiteRunner.run(SuiteRunner.java:223)
	at org.testng.SuiteRunnerWorker.runSuite(SuiteRunnerWorker.java:52)
	at org.testng.SuiteRunnerWorker.run(SuiteRunnerWorker.java:86)
	at org.testng.TestNG.runSuitesSequentially(TestNG.java:1039)
	at org.testng.TestNG.runSuitesLocally(TestNG.java:964)
	at org.testng.TestNG.run(TestNG.java:900)
	at org.testng.TestNG.privateMain(TestNG.java:1182)
	at org.testng.TestNG.main(TestNG.java:1146)
</pre></div></td>
<td>87</td>
<td>test_report.BasicSearch_Veirfy_Search_Major_MinorRecords_WithDB@64b8f8f4</td></tr>
</table><p>
<table width='100%' border='1' class='invocation-passed'>
<tr><td colspan='4' align='center'><b>PASSED TESTS</b></td></tr>
<tr><td><b>Test method</b></td>
<td width="30%"><b>Exception</b></td>
<td width="10%"><b>Time (seconds)</b></td>
<td><b>Instance</b></td>
</tr>
<tr>
<td title='test_report.Basic_Search_Autosearch_And_Pagination.AutoSearch_byCommerceOffer()'><b>AutoSearch_byCommerceOffer</b><br>Test class: test_report.Basic_Search_Autosearch_And_Pagination</td>
<td></td>
<td>82</td>
<td>test_report.Basic_Search_Autosearch_And_Pagination@2db0f6b2</td></tr>
<tr>
<td title='test_report.Basic_Search_Autosearch_And_Pagination.AutoSearch_byOfferType()'><b>AutoSearch_byOfferType</b><br>Test class: test_report.Basic_Search_Autosearch_And_Pagination</td>
<td></td>
<td>82</td>
<td>test_report.Basic_Search_Autosearch_And_Pagination@2db0f6b2</td></tr>
<tr>
<td title='test_report.Basic_Search_Autosearch_And_Pagination.AutoSearch_byPF()'><b>AutoSearch_byPF</b><br>Test class: test_report.Basic_Search_Autosearch_And_Pagination</td>
<td></td>
<td>82</td>
<td>test_report.Basic_Search_Autosearch_And_Pagination@2db0f6b2</td></tr>
<tr>
<td title='test_report.BasicSearch_Filter_With_Valid_Invalid_Value.Basic_Search_Filter_byDelOption()'><b>Basic_Search_Filter_byDelOption</b><br>Test class: test_report.BasicSearch_Filter_With_Valid_Invalid_Value</td>
<td></td>
<td>121</td>
<td>test_report.BasicSearch_Filter_With_Valid_Invalid_Value@7cef4e59</td></tr>
<tr>
<td title='test_report.BasicSearch_Filter_With_Valid_Invalid_Value.Basic_Search_Filter_byDescription()'><b>Basic_Search_Filter_byDescription</b><br>Test class: test_report.BasicSearch_Filter_With_Valid_Invalid_Value</td>
<td></td>
<td>103</td>
<td>test_report.BasicSearch_Filter_With_Valid_Invalid_Value@7cef4e59</td></tr>
<tr>
<td title='test_report.BasicSearch_Filter_With_Valid_Invalid_Value.Basic_Search_Filter_byInvDelOption()'><b>Basic_Search_Filter_byInvDelOption</b><br>Test class: test_report.BasicSearch_Filter_With_Valid_Invalid_Value</td>
<td></td>
<td>114</td>
<td>test_report.BasicSearch_Filter_With_Valid_Invalid_Value@7cef4e59</td></tr>
<tr>
<td title='test_report.Basic_Search_Invalid.Basic_Search_Filter_byInvDelOption()'><b>Basic_Search_Filter_byInvDelOption</b><br>Test class: test_report.Basic_Search_Invalid</td>
<td></td>
<td>109</td>
<td>test_report.Basic_Search_Invalid@3cd1f1c8</td></tr>
<tr>
<td title='test_report.Basic_Search_Invalid.Basic_Search_Filter_byInvDescription()'><b>Basic_Search_Filter_byInvDescription</b><br>Test class: test_report.Basic_Search_Invalid</td>
<td></td>
<td>101</td>
<td>test_report.Basic_Search_Invalid@3cd1f1c8</td></tr>
<tr>
<td title='test_report.BasicSearch_Filter_With_Valid_Invalid_Value.Basic_Search_Filter_byInvPF()'><b>Basic_Search_Filter_byInvPF</b><br>Test class: test_report.BasicSearch_Filter_With_Valid_Invalid_Value</td>
<td></td>
<td>88</td>
<td>test_report.BasicSearch_Filter_With_Valid_Invalid_Value@7cef4e59</td></tr>
<tr>
<td title='test_report.Basic_Search_Invalid.Basic_Search_Filter_byInvPF()'><b>Basic_Search_Filter_byInvPF</b><br>Test class: test_report.Basic_Search_Invalid</td>
<td></td>
<td>88</td>
<td>test_report.Basic_Search_Invalid@3cd1f1c8</td></tr>
<tr>
<td title='test_report.BasicSearch_Filter_With_Valid_Invalid_Value.Basic_Search_Filter_byInvProductSubType()'><b>Basic_Search_Filter_byInvProductSubType</b><br>Test class: test_report.BasicSearch_Filter_With_Valid_Invalid_Value</td>
<td></td>
<td>92</td>
<td>test_report.BasicSearch_Filter_With_Valid_Invalid_Value@7cef4e59</td></tr>
<tr>
<td title='test_report.Basic_Search_Invalid.Basic_Search_Filter_byInvProductSubType()'><b>Basic_Search_Filter_byInvProductSubType</b><br>Test class: test_report.Basic_Search_Invalid</td>
<td></td>
<td>91</td>
<td>test_report.Basic_Search_Invalid@3cd1f1c8</td></tr>
<tr>
<td title='test_report.BasicSearch_Filter_With_Valid_Invalid_Value.Basic_Search_Filter_byInv_ItemName()'><b>Basic_Search_Filter_byInv_ItemName</b><br>Test class: test_report.BasicSearch_Filter_With_Valid_Invalid_Value</td>
<td></td>
<td>88</td>
<td>test_report.BasicSearch_Filter_With_Valid_Invalid_Value@7cef4e59</td></tr>
<tr>
<td title='test_report.Basic_Search_Invalid.Basic_Search_Filter_byInv_ItemName()'><b>Basic_Search_Filter_byInv_ItemName</b><br>Test class: test_report.Basic_Search_Invalid</td>
<td></td>
<td>90</td>
<td>test_report.Basic_Search_Invalid@3cd1f1c8</td></tr>
<tr>
<td title='test_report.BasicSearch_Filter_With_Valid_Invalid_Value.Basic_Search_Filter_byInv_ProductType()'><b>Basic_Search_Filter_byInv_ProductType</b><br>Test class: test_report.BasicSearch_Filter_With_Valid_Invalid_Value</td>
<td></td>
<td>111</td>
<td>test_report.BasicSearch_Filter_With_Valid_Invalid_Value@7cef4e59</td></tr>
<tr>
<td title='test_report.Basic_Search_Invalid.Basic_Search_Filter_byInv_ProductType()'><b>Basic_Search_Filter_byInv_ProductType</b><br>Test class: test_report.Basic_Search_Invalid</td>
<td></td>
<td>112</td>
<td>test_report.Basic_Search_Invalid@3cd1f1c8</td></tr>
<tr>
<td title='test_report.BasicSearch_Filter_With_Valid_Invalid_Value.Basic_Search_Filter_byItemName()'><b>Basic_Search_Filter_byItemName</b><br>Test class: test_report.BasicSearch_Filter_With_Valid_Invalid_Value</td>
<td></td>
<td>95</td>
<td>test_report.BasicSearch_Filter_With_Valid_Invalid_Value@7cef4e59</td></tr>
<tr>
<td title='test_report.BasicSearch_Filter_With_Valid_Invalid_Value.Basic_Search_Filter_byPF()'><b>Basic_Search_Filter_byPF</b><br>Test class: test_report.BasicSearch_Filter_With_Valid_Invalid_Value</td>
<td></td>
<td>89</td>
<td>test_report.BasicSearch_Filter_With_Valid_Invalid_Value@7cef4e59</td></tr>
<tr>
<td title='test_report.BasicSearch_Filter_With_Valid_Invalid_Value.Basic_Search_Filter_byProductSubType()'><b>Basic_Search_Filter_byProductSubType</b><br>Test class: test_report.BasicSearch_Filter_With_Valid_Invalid_Value</td>
<td></td>
<td>88</td>
<td>test_report.BasicSearch_Filter_With_Valid_Invalid_Value@7cef4e59</td></tr>
<tr>
<td title='test_report.BasicSearch_Filter_With_Valid_Invalid_Value.Basic_Search_Filter_byProductType()'><b>Basic_Search_Filter_byProductType</b><br>Test class: test_report.BasicSearch_Filter_With_Valid_Invalid_Value</td>
<td></td>
<td>89</td>
<td>test_report.BasicSearch_Filter_With_Valid_Invalid_Value@7cef4e59</td></tr>
<tr>
<td title='test_report.BasicSearch_Veirfy_Search_Major_MinorRecords_WithDB.Filter_Value_Should_be_Clear()'><b>Filter_Value_Should_be_Clear</b><br>Test class: test_report.BasicSearch_Veirfy_Search_Major_MinorRecords_WithDB</td>
<td></td>
<td>171</td>
<td>test_report.BasicSearch_Veirfy_Search_Major_MinorRecords_WithDB@64b8f8f4</td></tr>
<tr>
<td title='test_report.Basic_Search_Autosearch_And_Pagination.Pagination_by_Admin_10()'><b>Pagination_by_Admin_10</b><br>Test class: test_report.Basic_Search_Autosearch_And_Pagination</td>
<td></td>
<td>70</td>
<td>test_report.Basic_Search_Autosearch_And_Pagination@2db0f6b2</td></tr>
<tr>
<td title='test_report.Basic_Search_Autosearch_And_Pagination.Pagination_by_Admin_50()'><b>Pagination_by_Admin_50</b><br>Test class: test_report.Basic_Search_Autosearch_And_Pagination</td>
<td></td>
<td>90</td>
<td>test_report.Basic_Search_Autosearch_And_Pagination@2db0f6b2</td></tr>
<tr>
<td title='test_report.BasicSearch_Veirfy_Search_Major_MinorRecords_WithDB.Search_byCommerceOffer()'><b>Search_byCommerceOffer</b><br>Test class: test_report.BasicSearch_Veirfy_Search_Major_MinorRecords_WithDB</td>
<td></td>
<td>122</td>
<td>test_report.BasicSearch_Veirfy_Search_Major_MinorRecords_WithDB@64b8f8f4</td></tr>
<tr>
<td title='test_report.BasicSearch_Veirfy_Search_Major_MinorRecords_WithDB.Search_byPF()'><b>Search_byPF</b><br>Test class: test_report.BasicSearch_Veirfy_Search_Major_MinorRecords_WithDB</td>
<td></td>
<td>131</td>
<td>test_report.BasicSearch_Veirfy_Search_Major_MinorRecords_WithDB@64b8f8f4</td></tr>
<tr>
<td title='test_report.Basic_Search_Invalid.Search_by_Invalid_CommerceOffer()'><b>Search_by_Invalid_CommerceOffer</b><br>Test class: test_report.Basic_Search_Invalid</td>
<td></td>
<td>69</td>
<td>test_report.Basic_Search_Invalid@3cd1f1c8</td></tr>
<tr>
<td title='test_report.Basic_Search_Invalid.Search_by_Invalid_OfferType()'><b>Search_by_Invalid_OfferType</b><br>Test class: test_report.Basic_Search_Invalid</td>
<td></td>
<td>78</td>
<td>test_report.Basic_Search_Invalid@3cd1f1c8</td></tr>
<tr>
<td title='test_report.Basic_Search_Invalid.Search_by_Invalid_PF()'><b>Search_by_Invalid_PF</b><br>Test class: test_report.Basic_Search_Invalid</td>
<td></td>
<td>76</td>
<td>test_report.Basic_Search_Invalid@3cd1f1c8</td></tr>
<tr>
<td title='test_report.Basic_Search_Invalid.Search_by_blank_Coffer()'><b>Search_by_blank_Coffer</b><br>Test class: test_report.Basic_Search_Invalid</td>
<td></td>
<td>65</td>
<td>test_report.Basic_Search_Invalid@3cd1f1c8</td></tr>
<tr>
<td title='test_report.Basic_Search_Invalid.Search_by_blank_Offertype()'><b>Search_by_blank_Offertype</b><br>Test class: test_report.Basic_Search_Invalid</td>
<td></td>
<td>72</td>
<td>test_report.Basic_Search_Invalid@3cd1f1c8</td></tr>
<tr>
<td title='test_report.Basic_Search_Invalid.Search_by_blank_PF()'><b>Search_by_blank_PF</b><br>Test class: test_report.Basic_Search_Invalid</td>
<td></td>
<td>78</td>
<td>test_report.Basic_Search_Invalid@3cd1f1c8</td></tr>
<tr>
<td title='test_report.BasicSearch_Veirfy_Search_Major_MinorRecords_WithDB.Validate_Minor_Available_Or_Not()'><b>Validate_Minor_Available_Or_Not</b><br>Test class: test_report.BasicSearch_Veirfy_Search_Major_MinorRecords_WithDB</td>
<td></td>
<td>87</td>
<td>test_report.BasicSearch_Veirfy_Search_Major_MinorRecords_WithDB@64b8f8f4</td></tr>
<tr>
<td title='test_report.BasicSearch_Veirfy_Search_Major_MinorRecords_WithDB.Validate_Subscription_BOM()'><b>Validate_Subscription_BOM</b><br>Test class: test_report.BasicSearch_Veirfy_Search_Major_MinorRecords_WithDB</td>
<td></td>
<td>70</td>
<td>test_report.BasicSearch_Veirfy_Search_Major_MinorRecords_WithDB@64b8f8f4</td></tr>
<tr>
<td title='test_report.Basic_Search_Autosearch_And_Pagination.verify_By_default_selected_Items()'><b>verify_By_default_selected_Items</b><br>Test class: test_report.Basic_Search_Autosearch_And_Pagination</td>
<td></td>
<td>115</td>
<td>test_report.Basic_Search_Autosearch_And_Pagination@2db0f6b2</td></tr>
<tr>
<td title='test_report.Basic_Search_Autosearch_And_Pagination.verify_show_hide_Parameters()'><b>verify_show_hide_Parameters</b><br>Test class: test_report.Basic_Search_Autosearch_And_Pagination</td>
<td></td>
<td>99</td>
<td>test_report.Basic_Search_Autosearch_And_Pagination@2db0f6b2</td></tr>
</table><p>
</body>
</html>