<?xml version="1.0" encoding="UTF-8"?>
<!-- Generated by org.testng.reporters.JUnitReportReporter -->
<testsuite hostname="SHIWASIN-T5X72" name="test_report.BasicSearch_Filter_With_Valid_Invalid_Value" tests="12" failures="0" timestamp="24 Oct 2018 01:51:00 GMT" time="18384.111" errors="1">
  <testcase name="Basic_Search_Filter_byInv_ItemName" time="88.486" classname="test_report.BasicSearch_Filter_With_Valid_Invalid_Value"/>
  <testcase name="Basic_Search_Filter_byPF" time="89.949" classname="test_report.BasicSearch_Filter_With_Valid_Invalid_Value"/>
  <testcase name="Basic_Search_Filter_byInv_ProductType" time="111.159" classname="test_report.BasicSearch_Filter_With_Valid_Invalid_Value"/>
  <testcase name="Basic_Search_Filter_byProductType" time="89.271" classname="test_report.BasicSearch_Filter_With_Valid_Invalid_Value"/>
  <testcase name="Basic_Search_Filter_byDelOption" time="121.245" classname="test_report.BasicSearch_Filter_With_Valid_Invalid_Value"/>
  <testcase name="Basic_Search_Filter_byInvDelOption" time="114.406" classname="test_report.BasicSearch_Filter_With_Valid_Invalid_Value"/>
  <testcase name="Basic_Search_Filter_byProductSubType" time="88.964" classname="test_report.BasicSearch_Filter_With_Valid_Invalid_Value"/>
  <testcase name="Basic_Search_Filter_byInvProductSubType" time="92.021" classname="test_report.BasicSearch_Filter_With_Valid_Invalid_Value"/>
  <testcase name="Basic_Search_Filter_byDescription" time="103.283" classname="test_report.BasicSearch_Filter_With_Valid_Invalid_Value"/>
  <testcase name="Basic_Search_Filter_byItemName" time="95.900" classname="test_report.BasicSearch_Filter_With_Valid_Invalid_Value"/>
  <testcase name="Basic_Search_Filter_byInvPF" time="88.579" classname="test_report.BasicSearch_Filter_With_Valid_Invalid_Value"/>
  <testcase name="Basic_Search_Filter_byInvDescription" time="17300.848" classname="test_report.BasicSearch_Filter_With_Valid_Invalid_Value">
    <error type="org.openqa.selenium.WebDriverException" message="Failed to decode response from marionette
Build info: version: &#039;3.14.0&#039;, revision: &#039;aacccce0&#039;, time: &#039;2018-08-02T20:13:22.693Z&#039;
System info: host: &#039;SHIWASIN-T5X72&#039;, ip: &#039;10.65.55.4&#039;, os.name: &#039;Windows 10&#039;, os.arch: &#039;amd64&#039;, os.version: &#039;10.0&#039;, java.version: &#039;1.8.0_181&#039;
Driver info: org.openqa.selenium.firefox.FirefoxDriver
Capabilities {acceptInsecureCerts: true, browserName: firefox, browserVersion: 59.0.2, javascriptEnabled: true, moz:accessibilityChecks: false, moz:headless: false, moz:processID: 23856, moz:profile: C:\Users\shiwasin.PARTNERS\..., moz:useNonSpecCompliantPointerOrigin: false, moz:webdriverClick: true, pageLoadStrategy: normal, platform: XP, platformName: XP, platformVersion: 10.0, rotatable: false, timeouts: {implicit: 0, pageLoad: 300000, script: 30000}}
Session ID: 287f5a1e-1561-403f-a470-27eebd849263
*** Element info: {Using=tag name, value=input}">
      <![CDATA[org.openqa.selenium.WebDriverException: Failed to decode response from marionette
Build info: version: '3.14.0', revision: 'aacccce0', time: '2018-08-02T20:13:22.693Z'
System info: host: 'SHIWASIN-T5X72', ip: '10.65.55.4', os.name: 'Windows 10', os.arch: 'amd64', os.version: '10.0', java.version: '1.8.0_181'
Driver info: org.openqa.selenium.firefox.FirefoxDriver
Capabilities {acceptInsecureCerts: true, browserName: firefox, browserVersion: 59.0.2, javascriptEnabled: true, moz:accessibilityChecks: false, moz:headless: false, moz:processID: 23856, moz:profile: C:\Users\shiwasin.PARTNERS\..., moz:useNonSpecCompliantPointerOrigin: false, moz:webdriverClick: true, pageLoadStrategy: normal, platform: XP, platformName: XP, platformVersion: 10.0, rotatable: false, timeouts: {implicit: 0, pageLoad: 300000, script: 30000}}
Session ID: 287f5a1e-1561-403f-a470-27eebd849263
*** Element info: {Using=tag name, value=input}
	at sun.reflect.NativeConstructorAccessorImpl.newInstance0(Native Method)
	at sun.reflect.NativeConstructorAccessorImpl.newInstance(Unknown Source)
	at sun.reflect.DelegatingConstructorAccessorImpl.newInstance(Unknown Source)
	at java.lang.reflect.Constructor.newInstance(Unknown Source)
	at org.openqa.selenium.remote.http.W3CHttpResponseCodec.createException(W3CHttpResponseCodec.java:187)
	at org.openqa.selenium.remote.http.W3CHttpResponseCodec.decode(W3CHttpResponseCodec.java:122)
	at org.openqa.selenium.remote.http.W3CHttpResponseCodec.decode(W3CHttpResponseCodec.java:49)
	at org.openqa.selenium.remote.HttpCommandExecutor.execute(HttpCommandExecutor.java:158)
	at org.openqa.selenium.remote.service.DriverCommandExecutor.execute(DriverCommandExecutor.java:83)
	at org.openqa.selenium.remote.RemoteWebDriver.execute(RemoteWebDriver.java:548)
	at org.openqa.selenium.remote.RemoteWebDriver.findElement(RemoteWebDriver.java:322)
	at org.openqa.selenium.remote.RemoteWebDriver.findElementByTagName(RemoteWebDriver.java:392)
	at org.openqa.selenium.By$ByTagName.findElement(By.java:320)
	at org.openqa.selenium.remote.RemoteWebDriver.findElement(RemoteWebDriver.java:314)
	at test_report.BasicSearch_Filter_With_Valid_Invalid_Value.Basic_Search_Filter_byInvDescription(Unknown Source)
	at sun.reflect.NativeMethodAccessorImpl.invoke0(Native Method)
	at sun.reflect.NativeMethodAccessorImpl.invoke(Unknown Source)
	at sun.reflect.DelegatingMethodAccessorImpl.invoke(Unknown Source)
	at java.lang.reflect.Method.invoke(Unknown Source)
	at org.testng.internal.MethodInvocationHelper.invokeMethod(MethodInvocationHelper.java:74)
	at org.testng.internal.Invoker.invokeMethod(Invoker.java:673)
	at org.testng.internal.Invoker.invokeTestMethod(Invoker.java:846)
	at org.testng.internal.Invoker.invokeTestMethods(Invoker.java:1170)
	at org.testng.internal.TestMethodWorker.invokeTestMethods(TestMethodWorker.java:125)
	at org.testng.internal.TestMethodWorker.run(TestMethodWorker.java:109)
	at org.testng.TestRunner.runWorkers(TestRunner.java:1147)
	at org.testng.TestRunner.privateRun(TestRunner.java:749)
	at org.testng.TestRunner.run(TestRunner.java:600)
	at org.testng.SuiteRunner.runTest(SuiteRunner.java:317)
	at org.testng.SuiteRunner.runSequentially(SuiteRunner.java:312)
	at org.testng.SuiteRunner.privateRun(SuiteRunner.java:274)
	at org.testng.SuiteRunner.run(SuiteRunner.java:223)
	at org.testng.SuiteRunnerWorker.runSuite(SuiteRunnerWorker.java:52)
	at org.testng.SuiteRunnerWorker.run(SuiteRunnerWorker.java:86)
	at org.testng.TestNG.runSuitesSequentially(TestNG.java:1039)
	at org.testng.TestNG.runSuitesLocally(TestNG.java:964)
	at org.testng.TestNG.run(TestNG.java:900)
	at org.testng.TestNG.privateMain(TestNG.java:1182)
	at org.testng.TestNG.main(TestNG.java:1146)
]]>
    </error>
  </testcase>
</testsuite>
